<?xml version="1.0" encoding="UTF-8" ?>
<testsuite errors="0" failures="0" hostname="Windowswicito" name="org.jedit.io.Native2ASCIIEncodingTest" tests="108" time="0.76" timestamp="2015-04-12T01:41:59">
  <properties>
    <property name="config.lib.dir" value="lib" />
    <property name="file.encoding.pkg" value="sun.io" />
    <property name="ivy.retrieve.pattern.ivy.instance" value="C:\Users\Jorge\Documents\GitHub\Jedit\src/lib/[artifact]-[revision](-[classifier]).[ext]" />
    <property name="java.vendor.url.ivy.instance" value="http://java.oracle.com/" />
    <property name="ivy.local.default.ivy.pattern.ivy.instance" value="[organisation]/[module]/[revision]/[type]s/[artifact].[ext]" />
    <property name="ivy.project.dir.ivy.instance" value="C:\Users\Jorge\Documents\GitHub\Jedit\src" />
    <property name="ivy.resolve.default.type.filter" value="*" />
    <property name="java.home" value="C:\Program Files\Java\jdk1.7.0_17\jre" />
    <property name="ivy.configurations.ivy.instance" value="*" />
    <property name="ivy.basedir.ivy.instance" value="C:\Users\Jorge\Documents\GitHub\Jedit\src" />
    <property name="ivy.dep.file.ivy.instance" value="ivy.xml" />
    <property name="java.endorsed.dirs" value="C:\Program Files\Java\jdk1.7.0_17\jre\lib\endorsed" />
    <property name="java.class.path.ivy.instance" value="C:\Users\Jorge\Desktop\portables\eclipse-standard-kepler-SR2-win32-x86_64\eclipse\plugins\org.apache.ant_1.8.4.v201303080030\lib\ant-antlr.jar;C:\Users\Jorge\Desktop\portables\eclipse-standard-kepler-SR2-win32-x86_64\eclipse\plugins\org.apache.ant_1.8.4.v201303080030\lib\ant-apache-bcel.jar;C:\Users\Jorge\Desktop\portables\eclipse-standard-kepler-SR2-win32-x86_64\eclipse\plugins\org.apache.ant_1.8.4.v201303080030\lib\ant-apache-bsf.jar;C:\Users\Jorge\Desktop\portables\eclipse-standard-kepler-SR2-win32-x86_64\eclipse\plugins\org.apache.ant_1.8.4.v201303080030\lib\ant-apache-log4j.jar;C:\Users\Jorge\Desktop\portables\eclipse-standard-kepler-SR2-win32-x86_64\eclipse\plugins\org.apache.ant_1.8.4.v201303080030\lib\ant-apache-oro.jar;C:\Users\Jorge\Desktop\portables\eclipse-standard-kepler-SR2-win32-x86_64\eclipse\plugins\org.apache.ant_1.8.4.v201303080030\lib\ant-apache-regexp.jar;C:\Users\Jorge\Desktop\portables\eclipse-standard-kepler-SR2-win32-x86_64\eclipse\plugins\org.apache.ant_1.8.4.v201303080030\lib\ant-apache-resolver.jar;C:\Users\Jorge\Desktop\portables\eclipse-standard-kepler-SR2-win32-x86_64\eclipse\plugins\org.apache.ant_1.8.4.v201303080030\lib\ant-apache-xalan2.jar;C:\Users\Jorge\Desktop\portables\eclipse-standard-kepler-SR2-win32-x86_64\eclipse\plugins\org.apache.ant_1.8.4.v201303080030\lib\ant-commons-logging.jar;C:\Users\Jorge\Desktop\portables\eclipse-standard-kepler-SR2-win32-x86_64\eclipse\plugins\org.apache.ant_1.8.4.v201303080030\lib\ant-commons-net.jar;C:\Users\Jorge\Desktop\portables\eclipse-standard-kepler-SR2-win32-x86_64\eclipse\plugins\org.apache.ant_1.8.4.v201303080030\lib\ant-jai.jar;C:\Users\Jorge\Desktop\portables\eclipse-standard-kepler-SR2-win32-x86_64\eclipse\plugins\org.apache.ant_1.8.4.v201303080030\lib\ant-javamail.jar;C:\Users\Jorge\Desktop\portables\eclipse-standard-kepler-SR2-win32-x86_64\eclipse\plugins\org.apache.ant_1.8.4.v201303080030\lib\ant-jdepend.jar;C:\Users\Jorge\Desktop\portables\eclipse-standard-kepler-SR2-win32-x86_64\eclipse\plugins\org.apache.ant_1.8.4.v201303080030\lib\ant-jmf.jar;C:\Users\Jorge\Desktop\portables\eclipse-standard-kepler-SR2-win32-x86_64\eclipse\plugins\org.apache.ant_1.8.4.v201303080030\lib\ant-jsch.jar;C:\Users\Jorge\Desktop\portables\eclipse-standard-kepler-SR2-win32-x86_64\eclipse\plugins\org.apache.ant_1.8.4.v201303080030\lib\ant-junit.jar;C:\Users\Jorge\Desktop\portables\eclipse-standard-kepler-SR2-win32-x86_64\eclipse\plugins\org.apache.ant_1.8.4.v201303080030\lib\ant-junit4.jar;C:\Users\Jorge\Desktop\portables\eclipse-standard-kepler-SR2-win32-x86_64\eclipse\plugins\org.apache.ant_1.8.4.v201303080030\lib\ant-launcher.jar;C:\Users\Jorge\Desktop\portables\eclipse-standard-kepler-SR2-win32-x86_64\eclipse\plugins\org.apache.ant_1.8.4.v201303080030\lib\ant-netrexx.jar;C:\Users\Jorge\Desktop\portables\eclipse-standard-kepler-SR2-win32-x86_64\eclipse\plugins\org.apache.ant_1.8.4.v201303080030\lib\ant-swing.jar;C:\Users\Jorge\Desktop\portables\eclipse-standard-kepler-SR2-win32-x86_64\eclipse\plugins\org.apache.ant_1.8.4.v201303080030\lib\ant-testutil.jar;C:\Users\Jorge\Desktop\portables\eclipse-standard-kepler-SR2-win32-x86_64\eclipse\plugins\org.apache.ant_1.8.4.v201303080030\lib\ant.jar;C:\Users\Jorge\Desktop\portables\eclipse-standard-kepler-SR2-win32-x86_64\eclipse\plugins\org.apache.ivy.eclipse.ant_2.4.0.final_20141213170938\ivy.jar;C:\Users\Jorge\Desktop\portables\eclipse-standard-kepler-SR2-win32-x86_64\eclipse\configuration\org.eclipse.osgi\bundles\28\1\.cp\lib\antdebug.jar;C:\Users\Jorge\Desktop\portables\eclipse-standard-kepler-SR2-win32-x86_64\eclipse\configuration\org.eclipse.osgi\bundles\28\1\.cp\lib\remote.jar;C:\Users\Jorge\Desktop\portables\eclipse-standard-kepler-SR2-win32-x86_64\eclipse\configuration\org.eclipse.osgi\bundles\29\1\.cp\lib\remoteAnt.jar;C:\Program Files\Java\jdk1.7.0_17\lib\tools.jar;C:\Users\Jorge\Desktop\portables\eclipse-standard-kepler-SR2-win32-x86_64\eclipse\plugins\org.eclipse.swt.win32.win32.x86_64_3.102.1.v20140206-1358.jar" />
    <property name="ivy.home" value="C:\Users\Jorge\.ivy2" />
    <property name="java.vm.specification.vendor.ivy.instance" value="Oracle Corporation" />
    <property name="sun.os.patch.level" value="" />
    <property name="ivy.dep.file" value="ivy.xml" />
    <property name="java.vendor.url" value="http://java.oracle.com/" />
    <property name="ivy.local.default.artifact.pattern.ivy.instance" value="[organisation]/[module]/[revision]/[type]s/[artifact].[ext]" />
    <property name="ivy.lib.dir.ivy.instance" value="C:\Users\Jorge\Documents\GitHub\Jedit\src/lib" />
    <property name="java.version" value="1.7.0_17" />
    <property name="eclipse.pdebuild.home" value="/C:/Users/Jorge/Desktop/portables/eclipse-standard-kepler-SR2-win32-x86_64/eclipse/plugins/org.eclipse.pde.build_3.8.100.v20130514-1028/./" />
    <property name="ivy.conf.dir.ivy.instance" value="C:\Users\Jorge\Documents\GitHub\Jedit\src" />
    <property name="sun.boot.library.path.ivy.instance" value="C:\Program Files\Java\jdk1.7.0_17\jre\bin" />
    <property name="ivy.done" value="true" />
    <property name="ivy.report.output.pattern.ivy.instance" value="[organisation]-[module]-[conf].[ext]" />
    <property name="ivy.module" value="jedit" />
    <property name="ivy.publish.src.artifacts.pattern.ivy.instance" value="C:\Users\Jorge\Documents\GitHub\Jedit\src/distrib/[type]s/[artifact]-[revision](-[classifier]).[ext]" />
    <property name="java.vendor.url.bug" value="http://bugreport.sun.com/bugreport/" />
    <property name="sun.management.compiler.ivy.instance" value="HotSpot 64-Bit Tiered Compilers" />
    <property name="ant.project.invoked-targets" value="run" />
    <property name="ivy.local.default.artifact.pattern" value="[organisation]/[module]/[revision]/[type]s/[artifact].[ext]" />
    <property name="os.name.ivy.instance" value="Windows 8" />
    <property name="ivy.default.ivy.user.dir.ivy.instance" value="C:\Users\Jorge\.ivy2" />
    <property name="ivy.default.always.check.exact.revision" value="false" />
    <property name="ivy.default.settings.dir.ivy.instance" value="jar:file:/C:/Users/Jorge/Desktop/portables/eclipse-standard-kepler-SR2-win32-x86_64/eclipse/plugins/org.apache.ivy.eclipse.ant_2.4.0.final_20141213170938/ivy.jar!/org/apache/ivy/core/settings" />
    <property name="user.name" value="Jorge" />
    <property name="sun.io.unicode.encoding" value="UnicodeLittle" />
    <property name="ivy.shared.default.root.ivy.instance" value="C:\Users\Jorge\.ivy2/shared" />
    <property name="sun.jnu.encoding" value="Cp1252" />
    <property name="java.runtime.name" value="Java(TM) SE Runtime Environment" />
    <property name="ant.home.ivy.instance" value="C:\Users\Jorge\Desktop\portables\eclipse-standard-kepler-SR2-win32-x86_64\eclipse\plugins\org.apache.ant_1.8.4.v201303080030" />
    <property name="file.encoding.ivy.instance" value="UTF-8" />
    <property name="ivy.cache.ttl.default.ivy.instance" value="10s" />
    <property name="ivy.conf.file.ivy.instance" value="C:\Users\Jorge\Documents\GitHub\Jedit\src\ivysettings.xml" />
    <property name="java.specification.vendor.ivy.instance" value="Oracle Corporation" />
    <property name="java.vendor.ivy.instance" value="Oracle Corporation" />
    <property name="lib.dir" value="C:\Users\Jorge\Documents\GitHub\Jedit\src\lib" />
    <property name="sun.cpu.isalist.ivy.instance" value="amd64" />
    <property name="java.specification.name" value="Java Platform API Specification" />
    <property name="user.timezone" value="" />
    <property name="java.endorsed.dirs.ivy.instance" value="C:\Program Files\Java\jdk1.7.0_17\jre\lib\endorsed" />
    <property name="slackware.target.java.version" value="1_7_0" />
    <property name="user.script" value="" />
    <property name="path.separator" value=";" />
    <property name="config.dist.dir" value="dist" />
    <property name="mac.target.java.version" value="1.7+" />
    <property name="java.class.version.ivy.instance" value="51.0" />
    <property name="ivy.default.conf.dir" value="jar:file:/C:/Users/Jorge/Desktop/portables/eclipse-standard-kepler-SR2-win32-x86_64/eclipse/plugins/org.apache.ivy.eclipse.ant_2.4.0.final_20141213170938/ivy.jar!/org/apache/ivy/core/settings" />
    <property name="file.encoding" value="Cp1252" />
    <property name="java.runtime.name.ivy.instance" value="Java(TM) SE Runtime Environment" />
    <property name="ivy.resolve.default.type.filter.ivy.instance" value="*" />
    <property name="ant.project.default-target" value="build" />
    <property name="jedit.version.final" value="false" />
    <property name="win.filename" value="jedit5.3pre1install" />
    <property name="ivy.targets.copied" value="false" />
    <property name="ivy.parents.count" value="0" />
    <property name="sun.java.command" value="org.apache.tools.ant.taskdefs.optional.junit.JUnitTestRunner org.jedit.io.Native2ASCIIEncodingTest filtertrace=true haltOnError=false haltOnFailure=false formatter=org.apache.tools.ant.taskdefs.optional.junit.SummaryJUnitResultFormatter showoutput=true outputtoformatters=true logfailedtests=true logtestlistenerevents=true formatter=org.apache.tools.ant.taskdefs.optional.junit.XMLJUnitResultFormatter,C:\Users\Jorge\Documents\GitHub\Jedit\src\build\test\raw-reports\TEST-org.jedit.io.Native2ASCIIEncodingTest.xml crashfile=C:\Users\Jorge\Documents\GitHub\Jedit\src\junitvmwatcher8960591145884097262.properties propsfile=C:\Users\Jorge\Documents\GitHub\Jedit\src\junit3279715800333084852.properties" />
    <property name="ivy.shared.default.artifact.pattern" value="[organisation]/[module]/[revision]/[type]s/[artifact].[ext]" />
    <property name="ant.file" value="C:\Users\Jorge\Documents\GitHub\Jedit\src\build.xml" />
    <property name="ivy.distrib.dir.ivy.instance" value="C:\Users\Jorge\Documents\GitHub\Jedit\src/distrib" />
    <property name="ivy.checksums.ivy.instance" value="sha1,md5" />
    <property name="sun.arch.data.model.ivy.instance" value="64" />
    <property name="ivy.build.artifacts.dir.ivy.instance" value="C:\Users\Jorge\Documents\GitHub\Jedit\src/build/artifacts" />
    <property name="user.variant.ivy.instance" value="" />
    <property name="ivy.settings.file" value="ivysettings.xml" />
    <property name="java.io.tmpdir" value="C:\Users\Jorge\AppData\Local\Temp\" />
    <property name="ivy.buildlist.ivyfilepath.ivy.instance" value="ivy.xml" />
    <property name="ivy.cache.ttl.default" value="10s" />
    <property name="user.language" value="es" />
    <property name="user.dir.ivy.instance" value="C:\Users\Jorge\Documents\GitHub\Jedit\src" />
    <property name="ivy.home.ivy.instance" value="C:\Users\Jorge\.ivy2" />
    <property name="line.separator" value="&#xd;&#xa;" />
    <property name="java.specification.version.ivy.instance" value="1.7" />
    <property name="ivy.build.artifacts.dir" value="C:\Users\Jorge\Documents\GitHub\Jedit\src/build/artifacts" />
    <property name="src.archive.filename" value="jedit5.3pre1source.tar.bz2" />
    <property name="ivy.settings.dir.url" value="jar:file:/C:/Users/Jorge/Desktop/portables/eclipse-standard-kepler-SR2-win32-x86_64/eclipse/plugins/org.apache.ivy.eclipse.ant_2.4.0.final_20141213170938/ivy.jar!/org/apache/ivy/core/settings" />
    <property name="sun.io.unicode.encoding.ivy.instance" value="UnicodeLittle" />
    <property name="ivy.status" value="integration" />
    <property name="java.vm.info" value="mixed mode" />
    <property name="ivy.lib.dir" value="C:\Users\Jorge\Documents\GitHub\Jedit\src/lib" />
    <property name="jedit.build.number" value="05.03.01.00" />
    <property name="sun.desktop" value="windows" />
    <property name="java.vm.specification.name" value="Java Virtual Machine Specification" />
    <property name="ivy.default.conf.dir.ivy.instance" value="jar:file:/C:/Users/Jorge/Desktop/portables/eclipse-standard-kepler-SR2-win32-x86_64/eclipse/plugins/org.apache.ivy.eclipse.ant_2.4.0.final_20141213170938/ivy.jar!/org/apache/ivy/core/settings" />
    <property name="java.vm.version.ivy.instance" value="23.7-b01" />
    <property name="user.name.ivy.instance" value="Jorge" />
    <property name="config.build.compilerarg" value="-Xlint:unchecked" />
    <property name="ivy.cache.dir" value="C:\Users\Jorge\.ivy2\cache" />
    <property name="eclipse.pdebuild.templates" value="/C:/Users/Jorge/Desktop/portables/eclipse-standard-kepler-SR2-win32-x86_64/eclipse/plugins/org.eclipse.pde.build_3.8.100.v20130514-1028/templates/" />
    <property name="java.awt.printerjob" value="sun.awt.windows.WPrinterJob" />
    <property name="java.io.tmpdir.ivy.instance" value="C:\Users\Jorge\AppData\Local\Temp\" />
    <property name="jar.location" value="C:\Users\Jorge\Documents\GitHub\Jedit\src\build" />
    <property name="ant.version" value="Apache Ant(TM) version 1.8.4 compiled on May 22 2012" />
    <property name="java.home.ivy.instance" value="C:\Program Files\Java\jdk1.7.0_17\jre" />
    <property name="java.vm.vendor.ivy.instance" value="Oracle Corporation" />
    <property name="user.script.ivy.instance" value="" />
    <property name="ivy.default.settings.dir" value="jar:file:/C:/Users/Jorge/Desktop/portables/eclipse-standard-kepler-SR2-win32-x86_64/eclipse/plugins/org.apache.ivy.eclipse.ant_2.4.0.final_20141213170938/ivy.jar!/org/apache/ivy/core/settings" />
    <property name="jedit.version" value="5.3pre1" />
    <property name="ivy.configurations" value="*" />
    <property name="ivy.settings.url" value="file:/C:/Users/Jorge/Documents/GitHub/Jedit/src/ivysettings.xml" />
    <property name="os.name" value="Windows 8" />
    <property name="java.specification.vendor" value="Oracle Corporation" />
    <property name="sun.jnu.encoding.ivy.instance" value="Cp1252" />
    <property name="ivy.deliver.ivy.pattern.ivy.instance" value="C:\Users\Jorge\Documents\GitHub\Jedit\src/distrib/[type]s/[artifact]-[revision](-[classifier]).[ext]" />
    <property name="manual.filename.prefix" value="jedit5.3pre1manual-" />
    <property name="ivy.checksums" value="sha1,md5" />
    <property name="ant.file.jedit" value="C:\Users\Jorge\Documents\GitHub\Jedit\src\build.xml" />
    <property name="java.vm.name" value="Java HotSpot(TM) 64-Bit Server VM" />
    <property name="ivy.jar.file" value="C:\Users\Jorge\Documents\GitHub\Jedit\src\lib\ivy\ivy-2.2.0.jar" />
    <property name="ivy.log.modules.in.use" value="false" />
    <property name="java.runtime.version.ivy.instance" value="1.7.0_17-b02" />
    <property name="ivy.report.output.pattern" value="[organisation]-[module]-[conf].[ext]" />
    <property name="ivy.version" value="2.4.0" />
    <property name="java.library.path" value="C:\Program Files\Java\jdk1.7.0_17\jre\bin;C:\Windows\Sun\Java\bin;C:\Windows\system32;C:\Windows;C:/Program Files/Java/jre1.8.0_40/bin/server;C:/Program Files/Java/jre1.8.0_40/bin;C:/Program Files/Java/jre1.8.0_40/lib/amd64;C:\ProgramData\Oracle\Java\javapath;C:\Program Files (x86)\Intel\iCLS Client\;C:\Program Files\Intel\iCLS Client\;C:\Windows\system32;C:\Windows;C:\Windows\System32\Wbem;C:\Windows\System32\WindowsPowerShell\v1.0\;C:\Program Files\Intel\Intel(R) Management Engine Components\DAL;C:\Program Files\Intel\Intel(R) Management Engine Components\IPT;C:\Program Files (x86)\Intel\Intel(R) Management Engine Components\DAL;C:\Program Files (x86)\Intel\Intel(R) Management Engine Components\IPT;C:\Program Files\MiKTeX 2.9\miktex\bin\x64\;C:\Program Files\TortoiseSVN\bin;C:\Users\Jorge\Desktop\portables\eclipse-standard-kepler-SR2-win32-x86_64\eclipse;;." />
    <property name="ivy.conf.url" value="file:/C:/Users/Jorge/Documents/GitHub/Jedit/src/ivysettings.xml" />
    <property name="java.vm.name.ivy.instance" value="Java HotSpot(TM) 64-Bit Server VM" />
    <property name="os.version.ivy.instance" value="6.2" />
    <property name="line.separator.ivy.instance" value="&#xd;&#xa;" />
    <property name="eclipse.pdebuild.scripts" value="/C:/Users/Jorge/Desktop/portables/eclipse-standard-kepler-SR2-win32-x86_64/eclipse/plugins/org.eclipse.pde.build_3.8.100.v20130514-1028/scripts/" />
    <property name="ant.java.version" value="1.7" />
    <property name="sun.desktop.ivy.instance" value="windows" />
    <property name="sun.cpu.endian.ivy.instance" value="little" />
    <property name="mac.disk.image.filename" value="jedit5.3pre1install.dmg" />
    <property name="java.vm.specification.name.ivy.instance" value="Java Virtual Machine Specification" />
    <property name="basedir" value="C:\Users\Jorge\Documents\GitHub\Jedit\src" />
    <property name="java.class.version" value="51.0" />
    <property name="ivy.settings.url.ivy.instance" value="file:/C:/Users/Jorge/Documents/GitHub/Jedit/src/ivysettings.xml" />
    <property name="path.separator.ivy.instance" value=";" />
    <property name="sun.boot.class.path.ivy.instance" value="C:\Program Files\Java\jdk1.7.0_17\jre\lib\resources.jar;C:\Program Files\Java\jdk1.7.0_17\jre\lib\rt.jar;C:\Program Files\Java\jdk1.7.0_17\jre\lib\jsse.jar;C:\Program Files\Java\jdk1.7.0_17\jre\lib\jce.jar;C:\Program Files\Java\jdk1.7.0_17\jre\lib\charsets.jar;C:\Program Files\Java\jdk1.7.0_17\jre\lib\jfr.jar;C:\Program Files\Java\jdk1.7.0_17\lib\tools.jar" />
    <property name="ant.home" value="C:\Users\Jorge\Desktop\portables\eclipse-standard-kepler-SR2-win32-x86_64\eclipse\plugins\org.apache.ant_1.8.4.v201303080030" />
    <property name="ivy.jar.filename" value="ivy-2.2.0.jar" />
    <property name="ivy.resolved.configurations" value="default, master, compile, runtime, test, provided, sources, javadoc, ant-contrib, docbook, fop, launch4j, scripting, default-plugins" />
    <property name="dist.jar.filename" value="jedit5.3pre1install.jar" />
    <property name="config.ivy.version" value="2.2.0" />
    <property name="ivy.deliver.ivy.pattern" value="C:\Users\Jorge\Documents\GitHub\Jedit\src/distrib/[type]s/[artifact]-[revision](-[classifier]).[ext]" />
    <property name="config.build.deprecation" value="true" />
    <property name="sun.boot.library.path" value="C:\Program Files\Java\jdk1.7.0_17\jre\bin" />
    <property name="build.dir" value="C:\Users\Jorge\Documents\GitHub\Jedit\src\build" />
    <property name="java.library.path.ivy.instance" value="C:\Users\Jorge\Desktop\portables\eclipse-standard-kepler-SR2-win32-x86_64\eclipse;C:\Windows\Sun\Java\bin;C:\Windows\system32;C:\Windows;C:/Program Files/Java/jre1.8.0_40/bin/server;C:/Program Files/Java/jre1.8.0_40/bin;C:/Program Files/Java/jre1.8.0_40/lib/amd64;C:\ProgramData\Oracle\Java\javapath;C:\Program Files (x86)\Intel\iCLS Client\;C:\Program Files\Intel\iCLS Client\;C:\Windows\system32;C:\Windows;C:\Windows\System32\Wbem;C:\Windows\System32\WindowsPowerShell\v1.0\;C:\Program Files\Intel\Intel(R) Management Engine Components\DAL;C:\Program Files\Intel\Intel(R) Management Engine Components\IPT;C:\Program Files (x86)\Intel\Intel(R) Management Engine Components\DAL;C:\Program Files (x86)\Intel\Intel(R) Management Engine Components\IPT;C:\Program Files\MiKTeX 2.9\miktex\bin\x64\;C:\Program Files\TortoiseSVN\bin;C:\Users\Jorge\Desktop\portables\eclipse-standard-kepler-SR2-win32-x86_64\eclipse;;.;C:\Users\Jorge\Desktop\portables\eclipse-standard-kepler-SR2-win32-x86_64\eclipse\configuration\org.eclipse.osgi\bundles\210\1\.cp" />
    <property name="ivy.default.always.check.exact.revision.ivy.instance" value="false" />
    <property name="ivy.jar.present" value="true" />
    <property name="awt.toolkit.ivy.instance" value="sun.awt.windows.WToolkit" />
    <property name="sun.management.compiler" value="HotSpot 64-Bit Tiered Compilers" />
    <property name="ivy.basedir" value="C:\Users\Jorge\Documents\GitHub\Jedit\src" />
    <property name="user.variant" value="" />
    <property name="java.awt.graphicsenv" value="sun.awt.Win32GraphicsEnvironment" />
    <property name="java.ext.dirs.ivy.instance" value="C:\Program Files\Java\jdk1.7.0_17\jre\lib\ext;C:\Windows\Sun\Java\lib\ext" />
    <property name="ivy.log.modules.in.use.ivy.instance" value="false" />
    <property name="ivy.settings.dir.url.ivy.instance" value="jar:file:/C:/Users/Jorge/Desktop/portables/eclipse-standard-kepler-SR2-win32-x86_64/eclipse/plugins/org.apache.ivy.eclipse.ant_2.4.0.final_20141213170938/ivy.jar!/org/apache/ivy/core/settings" />
    <property name="sun.os.patch.level.ivy.instance" value="" />
    <property name="file.encoding.pkg.ivy.instance" value="sun.io" />
    <property name="ivy.shared.default.ivy.pattern" value="[organisation]/[module]/[revision]/[type]s/[artifact].[ext]" />
    <property name="ivy.resolver.default.check.modified" value="false" />
    <property name="ivy.settings.file.ivy.instance" value="C:\Users\Jorge\Documents\GitHub\Jedit\src\ivysettings.xml" />
    <property name="ivy.nb.targets.copied" value="0" />
    <property name="ant.project.name" value="jedit" />
    <property name="ivy.cache.dir.ivy.instance" value="C:\Users\Jorge\.ivy2\cache" />
    <property name="java.vm.specification.version" value="1.7" />
    <property name="ivy.status.ivy.instance" value="integration" />
    <property name="awt.toolkit" value="sun.awt.windows.WToolkit" />
    <property name="sun.cpu.isalist" value="amd64" />
    <property name="file.separator.ivy.instance" value="\" />
    <property name="java.ext.dirs" value="C:\Program Files\Java\jdk1.7.0_17\jre\lib\ext;C:\Windows\Sun\Java\lib\ext" />
    <property name="ivy.local.default.root.ivy.instance" value="C:\Users\Jorge\.ivy2/local" />
    <property name="ivy.deps.changed" value="false" />
    <property name="os.version" value="6.2" />
    <property name="user.home" value="C:\Users\Jorge" />
    <property name="sun.java.launcher.ivy.instance" value="SUN_STANDARD" />
    <property name="java.vm.vendor" value="Oracle Corporation" />
    <property name="ivy.local.default.root" value="C:\Users\Jorge\.ivy2/local" />
    <property name="ivy.organisation" value="org.jedit" />
    <property name="user.dir" value="C:\Users\Jorge\Documents\GitHub\Jedit\src" />
    <property name="ant.library.dir.ivy.instance" value="C:\Users\Jorge\Desktop\portables\eclipse-standard-kepler-SR2-win32-x86_64\eclipse\plugins\org.apache.ant_1.8.4.v201303080030\lib" />
    <property name="ivy.local.default.ivy.pattern" value="[organisation]/[module]/[revision]/[type]s/[artifact].[ext]" />
    <property name="ivy.shared.default.ivy.pattern.ivy.instance" value="[organisation]/[module]/[revision]/[type]s/[artifact].[ext]" />
    <property name="java.vm.info.ivy.instance" value="mixed mode" />
    <property name="ivy.publish.src.artifacts.pattern" value="C:\Users\Jorge\Documents\GitHub\Jedit\src/distrib/[type]s/[artifact]-[revision](-[classifier]).[ext]" />
    <property name="sun.java.command.ivy.instance" value="org.eclipse.ant.internal.launching.remote.InternalAntRunner -Dorg.eclipse.ant.core.ANT_PROCESS_ID=1428802906362 -Declipse.connect.port=65127 -Declipse.pdebuild.home=/C:/Users/Jorge/Desktop/portables/eclipse-standard-kepler-SR2-win32-x86_64/eclipse/plugins/org.eclipse.pde.build_3.8.100.v20130514-1028/./ -Declipse.pdebuild.scripts=/C:/Users/Jorge/Desktop/portables/eclipse-standard-kepler-SR2-win32-x86_64/eclipse/plugins/org.eclipse.pde.build_3.8.100.v20130514-1028/scripts/ -Declipse.pdebuild.templates=/C:/Users/Jorge/Desktop/portables/eclipse-standard-kepler-SR2-win32-x86_64/eclipse/plugins/org.eclipse.pde.build_3.8.100.v20130514-1028/templates/ -Dant.home=C:\Users\Jorge\Desktop\portables\eclipse-standard-kepler-SR2-win32-x86_64\eclipse\plugins\org.apache.ant_1.8.4.v201303080030 -logger org.eclipse.ant.internal.launching.remote.logger.RemoteAntBuildLogger -inputhandler org.eclipse.ant.internal.ui.antsupport.inputhandler.ProxyInputHandler -eclipseTask antlib:org.apache.ivy.ant:configure,org.apache.ivy.ant.IvyConfigure -eclipseTask antlib:org.apache.ivy.ant:resolve,org.apache.ivy.ant.IvyResolve -eclipseTask antlib:org.apache.ivy.ant:retrieve,org.apache.ivy.ant.IvyRetrieve -eclipseTask antlib:org.apache.ivy.ant:deliver,org.apache.ivy.ant.IvyDeliver -eclipseTask antlib:org.apache.ivy.ant:publish,org.apache.ivy.ant.IvyPublish -eclipseTask antlib:org.apache.ivy.ant:extract,org.apache.ivy.ant.IvyExtractFromSources -eclipseTask antlib:org.apache.ivy.ant:cachepath,org.apache.ivy.ant.IvyCachePath -eclipseTask antlib:org.apache.ivy.ant:cachefileset,org.apache.ivy.ant.IvyCacheFileset -eclipseTask antlib:org.apache.ivy.ant:report,org.apache.ivy.ant.IvyReport -eclipseTask antlib:org.apache.ivy.ant:repreport,org.apache.ivy.ant.IvyRepositoryReport -eclipseTask antlib:org.apache.ivy.ant:var,org.apache.ivy.ant.IvyVar -eclipseTask antlib:org.apache.ivy.ant:check,org.apache.ivy.ant.IvyCheck -eclipseTask antlib:org.apache.ivy.ant:artifactproperty,org.apache.ivy.ant.IvyArtifactProperty -eclipseTask antlib:org.apache.ivy.ant:buildlist,org.apache.ivy.ant.IvyBuildList -eclipseTask antlib:org.apache.ivy.ant:install,org.apache.ivy.ant.IvyInstall -eclipseTask antlib:org.apache.ivy.ant:convertpom,org.apache.ivy.ant.IvyConvertPom -eclipseTask antlib:org.apache.ivy.ant:makepom,org.apache.ivy.ant.IvyMakePom -eclipseTask antlib:org.apache.ivy.ant:artifactreport,org.apache.ivy.ant.IvyArtifactReport -eclipseTask antlib:org.apache.ivy.ant:info,org.apache.ivy.ant.IvyInfo -eclipseTask antlib:org.apache.ivy.ant:addpath,org.apache.ivy.ant.AddPathTask -eclipseTask antlib:org.apache.ivy.ant:listmodules,org.apache.ivy.ant.IvyListModules -eclipseTask antlib:org.apache.ivy.ant:findrevision,org.apache.ivy.ant.IvyFindRevision -eclipseTask antlib:org.apache.ivy.ant:buildnumber,org.apache.ivy.ant.IvyBuildNumber -eclipseTask antlib:org.apache.ivy.ant:cleancache,org.apache.ivy.ant.IvyCleanCache -eclipseTask antlib:org.apache.ivy.ant:buildobr,org.apache.ivy.ant.BuildOBRTask -eclipseTask antlib:org.apache.ivy.ant:convertmanifest,org.apache.ivy.ant.ConvertManifestTask -eclipseTask antlib:org.apache.ivy.ant:fixdeps,org.apache.ivy.ant.FixDepsTask -eclipseTask antlib:org.apache.ivy.ant:dependencytree,org.apache.ivy.ant.IvyDependencyTree -eclipseTask antlib:org.apache.ivy.ant:checkdepsupdate,org.apache.ivy.ant.IvyDependencyUpdateChecker -eclipseType antlib:org.apache.ivy.ant:settings,org.apache.ivy.ant.IvyAntSettings -eclipseType antlib:org.apache.ivy.ant:resources,org.apache.ivy.ant.IvyResources -buildfile C:\Users\Jorge\Documents\GitHub\Jedit\src\build.xml run" />
    <property name="ivy.distrib.dir" value="C:\Users\Jorge\Documents\GitHub\Jedit\src/distrib" />
    <property name="sun.cpu.endian" value="little" />
    <property name="ivy.revision" value="working@Windowswicito" />
    <property name="user.timezone.ivy.instance" value="America/Santiago" />
    <property name="java.vm.version" value="23.7-b01" />
    <property name="config.build.debuglevel" value="lines,vars,source" />
    <property name="java.class.path" value="C:\Users\Jorge\Documents\GitHub\Jedit\src\lib\test\hamcrest-core.jar;C:\Users\Jorge\Documents\GitHub\Jedit\src\lib\test\hamcrest-library.jar;C:\Users\Jorge\Documents\GitHub\Jedit\src\lib\test\jsr305.jar;C:\Users\Jorge\Documents\GitHub\Jedit\src\lib\test\junit-dep.jar;C:\Users\Jorge\Documents\GitHub\Jedit\src\build\classes\core;C:\Users\Jorge\Documents\GitHub\Jedit\src\build\classes\test;C:\Users\Jorge\Desktop\portables\eclipse-standard-kepler-SR2-win32-x86_64\eclipse\plugins\org.apache.ant_1.8.4.v201303080030\lib\ant.jar;C:\Users\Jorge\Desktop\portables\eclipse-standard-kepler-SR2-win32-x86_64\eclipse\plugins\org.apache.ant_1.8.4.v201303080030\lib\ant-junit.jar;C:\Users\Jorge\Desktop\portables\eclipse-standard-kepler-SR2-win32-x86_64\eclipse\plugins\org.apache.ant_1.8.4.v201303080030\lib\ant-junit4.jar" />
    <property name="ivy.default.ivy.user.dir" value="C:\Users\Jorge\.ivy2" />
    <property name="user.home.ivy.instance" value="C:\Users\Jorge" />
    <property name="basedir.ivy.instance" value="C:\Users\Jorge\Documents\GitHub\Jedit\src" />
    <property name="ant.library.dir" value="C:\Users\Jorge\Desktop\portables\eclipse-standard-kepler-SR2-win32-x86_64\eclipse\plugins\org.apache.ant_1.8.4.v201303080030\lib" />
    <property name="os.arch" value="amd64" />
    <property name="ivy.conf.file" value="C:\Users\Jorge\Documents\GitHub\Jedit\src\ivysettings.xml" />
    <property name="ivy.jar.dir" value="C:\Users\Jorge\Documents\GitHub\Jedit\src\lib\ivy" />
    <property name="java.awt.graphicsenv.ivy.instance" value="sun.awt.Win32GraphicsEnvironment" />
    <property name="java.vendor.url.bug.ivy.instance" value="http://bugreport.sun.com/bugreport/" />
    <property name="dist.dir" value="C:\Users\Jorge\Documents\GitHub\Jedit\src\dist" />
    <property name="java.vm.specification.version.ivy.instance" value="1.7" />
    <property name="sun.java.launcher" value="SUN_STANDARD" />
    <property name="classes.dir" value="C:\Users\Jorge\Documents\GitHub\Jedit\src\build\classes" />
    <property name="init.done" value="true" />
    <property name="java.awt.printerjob.ivy.instance" value="sun.awt.windows.WPrinterJob" />
    <property name="ivy.settings.dir.ivy.instance" value="C:\Users\Jorge\Documents\GitHub\Jedit\src" />
    <property name="ivy.resolver.default.check.modified.ivy.instance" value="false" />
    <property name="ant.core.lib" value="C:\Users\Jorge\Desktop\portables\eclipse-standard-kepler-SR2-win32-x86_64\eclipse\plugins\org.apache.ant_1.8.4.v201303080030\lib\ant.jar" />
    <property name="java.vm.specification.vendor" value="Oracle Corporation" />
    <property name="ivy.settings.dir" value="C:\Users\Jorge\Documents\GitHub\Jedit\src" />
    <property name="user.language.ivy.instance" value="es" />
    <property name="file.separator" value="\" />
    <property name="ivy.shared.default.artifact.pattern.ivy.instance" value="[organisation]/[module]/[revision]/[type]s/[artifact].[ext]" />
    <property name="user.country.ivy.instance" value="CL" />
    <property name="ivy.conf.url.ivy.instance" value="file:/C:/Users/Jorge/Documents/GitHub/Jedit/src/ivysettings.xml" />
    <property name="java.runtime.version" value="1.7.0_17-b02" />
    <property name="java.specification.name.ivy.instance" value="Java Platform API Specification" />
    <property name="sun.boot.class.path" value="C:\Program Files\Java\jdk1.7.0_17\jre\lib\resources.jar;C:\Program Files\Java\jdk1.7.0_17\jre\lib\rt.jar;C:\Program Files\Java\jdk1.7.0_17\jre\lib\sunrsasign.jar;C:\Program Files\Java\jdk1.7.0_17\jre\lib\jsse.jar;C:\Program Files\Java\jdk1.7.0_17\jre\lib\jce.jar;C:\Program Files\Java\jdk1.7.0_17\jre\lib\charsets.jar;C:\Program Files\Java\jdk1.7.0_17\jre\lib\jfr.jar;C:\Program Files\Java\jdk1.7.0_17\jre\classes" />
    <property name="ivy.conf.dir" value="C:\Users\Jorge\Documents\GitHub\Jedit\src" />
    <property name="config.build.dir" value="build" />
    <property name="ivy.retrieve.pattern" value="C:\Users\Jorge\Documents\GitHub\Jedit\src\lib/[conf]/[artifact](-[classifier]).[ext]" />
    <property name="textAreaPackage" value="C:\Users\Jorge\Documents\GitHub\Jedit\textarea" />
    <property name="jar.filename" value="jedit.jar" />
    <property name="user.country" value="CL" />
    <property name="ivy.shared.default.root" value="C:\Users\Jorge\.ivy2/shared" />
    <property name="java.version.ivy.instance" value="1.7.0_17" />
    <property name="ant.file.type.jedit" value="file" />
    <property name="ivy.resolved.file" value="C:\Users\Jorge\Documents\GitHub\Jedit\src\ivy.xml" />
    <property name="target.java.version" value="1.7" />
    <property name="os.arch.ivy.instance" value="amd64" />
    <property name="java.vendor" value="Oracle Corporation" />
    <property name="ivy.project.dir" value="C:\Users\Jorge\Documents\GitHub\Jedit\src" />
    <property name="java.specification.version" value="1.7" />
    <property name="ivy.buildlist.ivyfilepath" value="ivy.xml" />
    <property name="sun.arch.data.model" value="64" />
    <property name="config.build.nowarn" value="false" />
  </properties>
  <testcase classname="org.jedit.io.Native2ASCIIEncodingTest" name="permissiveReadShouldAcceptMalformedInput" time="0.023" />
  <testcase classname="org.jedit.io.Native2ASCIIEncodingTest" name="read_charArray_ShouldCorrectlyHandleEOF" time="0.001" />
  <testcase classname="org.jedit.io.Native2ASCIIEncodingTest" name="readShouldThrowExceptionOnMalformedInput" time="0.001" />
  <testcase classname="org.jedit.io.Native2ASCIIEncodingTest" name="readShouldCorrectlyHandleEOFAfterBackslash" time="0.0" />
  <testcase classname="org.jedit.io.Native2ASCIIEncodingTest" name="skipShouldNotDoAnythingIfToSkipIsZero" time="0.001" />
  <testcase classname="org.jedit.io.Native2ASCIIEncodingTest" name="permissiveReadShouldAcceptMissingInputAfterU" time="0.0" />
  <testcase classname="org.jedit.io.Native2ASCIIEncodingTest" name="read_CharBuffer_ShouldCorrectlyHandleEOF" time="0.0" />
  <testcase classname="org.jedit.io.Native2ASCIIEncodingTest" name="skipShouldSkipGivenAmountIfAvailable" time="0.001" />
  <testcase classname="org.jedit.io.Native2ASCIIEncodingTest" name="readShouldThrowExceptionOnMissingInputAfterU" time="0.001" />
  <testcase classname="org.jedit.io.Native2ASCIIEncodingTest" name="textReaderWithNullAsClassParameterShouldWork" time="0.001" />
  <testcase classname="org.jedit.io.Native2ASCIIEncodingTest" name="skipShouldThrowExceptionIfToSkipIsNegative" time="0.001" />
  <testcase classname="org.jedit.io.Native2ASCIIEncodingTest" name="readShouldConvertEscapeSequence" time="0.001" />
  <testcase classname="org.jedit.io.Native2ASCIIEncodingTest" name="read_charArray_ShouldConvertEscapeSequence" time="0.001" />
  <testcase classname="org.jedit.io.Native2ASCIIEncodingTest" name="read_CharBuffer_ShouldConvertEscapeSequence" time="0.001" />
  <testcase classname="org.jedit.io.Native2ASCIIEncodingTest" name="readShouldCorrectlyHandleEOF" time="0.001" />
  <testcase classname="org.jedit.io.Native2ASCIIEncodingTest" name="multipleSkipCallsShouldWork" time="0.004" />
  <testcase classname="org.jedit.io.Native2ASCIIEncodingTest" name="read_charArray_ShouldCorrectlyHandleLessThan5NonEscapeCharactersAfterBackslash" time="0.001" />
  <testcase classname="org.jedit.io.Native2ASCIIEncodingTest" name="read_charArray_int_int_ShouldCorrectlyHandleLessThan5NonEscapeCharactersAfterBackslash" time="0.001" />
  <testcase classname="org.jedit.io.Native2ASCIIEncodingTest" name="read_charArray_int_int_ShouldIgnoreMalformedEscapeSequenceThatFollowsOneBackslash" time="0.0" />
  <testcase classname="org.jedit.io.Native2ASCIIEncodingTest" name="read_charArray_int_int_ShouldIgnoreIncompleteEscapeSequenceThatFollowsOneBackslash" time="0.001" />
  <testcase classname="org.jedit.io.Native2ASCIIEncodingTest" name="read_CharBuffer_ShouldCorrectlyHandleLessThan5NonEscapeCharactersAfterBackslash" time="0.001" />
  <testcase classname="org.jedit.io.Native2ASCIIEncodingTest" name="read_charArray_int_int_ShouldThrowExceptionOnMalformedInputWithThrottledReader" time="0.003" />
  <testcase classname="org.jedit.io.Native2ASCIIEncodingTest" name="permissiveRead_charArray_int_int_ShouldAcceptMalformedInputWithThrottledReader" time="0.001" />
  <testcase classname="org.jedit.io.Native2ASCIIEncodingTest" name="read_charArray_int_int_ShouldCorrectlyHandleEOFAfterBackslash" time="0.0" />
  <testcase classname="org.jedit.io.Native2ASCIIEncodingTest" name="read_charArray_ShouldConvertEscapeSequenceThatFollowsTwoBackslashes" time="0.0" />
  <testcase classname="org.jedit.io.Native2ASCIIEncodingTest" name="read_CharBuffer_ShouldThrowExceptionOnIncompleteEscapeSequence" time="0.0" />
  <testcase classname="org.jedit.io.Native2ASCIIEncodingTest" name="permissiveRead_charArray_int_int_ShouldAcceptMissingInputAfterU" time="0.0" />
  <testcase classname="org.jedit.io.Native2ASCIIEncodingTest" name="read_charArray_ShouldThrowExceptionOnMalformedInputWithThrottledReader" time="0.001" />
  <testcase classname="org.jedit.io.Native2ASCIIEncodingTest" name="read_charArray_int_int_ShouldConvertEscapeSequenceWithThrottledInputStream" time="0.0" />
  <testcase classname="org.jedit.io.Native2ASCIIEncodingTest" name="read_CharBuffer_ShouldReadBackslashWithoutFollowingUAsBackslash" time="0.001" />
  <testcase classname="org.jedit.io.Native2ASCIIEncodingTest" name="read_charArray_ShouldThrowExceptionOnIncompleteEscapeSequence" time="0.001" />
  <testcase classname="org.jedit.io.Native2ASCIIEncodingTest" name="permissiveRead_CharBuffer_ShouldAcceptIncompleteEscapeSequence" time="0.0" />
  <testcase classname="org.jedit.io.Native2ASCIIEncodingTest" name="permissiveRead_CharBuffer_ShouldAcceptMalformedInputWithThrottledReader" time="0.001" />
  <testcase classname="org.jedit.io.Native2ASCIIEncodingTest" name="read_charArray_ShouldIgnoreEscapeSequenceThatFollowsOneBackslash" time="0.0" />
  <testcase classname="org.jedit.io.Native2ASCIIEncodingTest" name="read_charArray_int_int_ShouldIgnoreEscapeSequenceThatFollowsOneBackslash" time="0.0" />
  <testcase classname="org.jedit.io.Native2ASCIIEncodingTest" name="read_charArray_int_int_ShouldConvertEscapeSequenceThatFollowsTwoBackslashes" time="0.001" />
  <testcase classname="org.jedit.io.Native2ASCIIEncodingTest" name="read_charArray_ShouldIgnoreEscapeSequenceThatFollowsThreeBackslashes" time="0.001" />
  <testcase classname="org.jedit.io.Native2ASCIIEncodingTest" name="read_charArray_int_int_ShouldThrowExceptionOnMissingInputAfterU" time="0.001" />
  <testcase classname="org.jedit.io.Native2ASCIIEncodingTest" name="permissiveRead_charArray_ShouldAcceptIncompleteEscapeSequence" time="0.0" />
  <testcase classname="org.jedit.io.Native2ASCIIEncodingTest" name="permissiveRead_charArray_ShouldAcceptMalformedInputWithThrottledReader" time="0.001" />
  <testcase classname="org.jedit.io.Native2ASCIIEncodingTest" name="read_CharBuffer_ShouldConvertEscapeSequenceWithThrottledInputStream" time="0.0" />
  <testcase classname="org.jedit.io.Native2ASCIIEncodingTest" name="read_charArray_int_int_ShouldIgnoreEscapeSequenceThatFollowsThreeBackslashes" time="0.001" />
  <testcase classname="org.jedit.io.Native2ASCIIEncodingTest" name="readShouldIgnoreIncompleteEscapeSequenceThatFollowsOneBackslash" time="0.0" />
  <testcase classname="org.jedit.io.Native2ASCIIEncodingTest" name="readShouldIgnoreMalformedEscapeSequenceThatFollowsOneBackslash" time="0.001" />
  <testcase classname="org.jedit.io.Native2ASCIIEncodingTest" name="read_charArray_ShouldIgnoreMalformedEscapeSequenceThatFollowsOneBackslash" time="0.001" />
  <testcase classname="org.jedit.io.Native2ASCIIEncodingTest" name="read_CharBuffer_ShouldIgnoreMalformedEscapeSequenceThatFollowsOneBackslash" time="0.001" />
  <testcase classname="org.jedit.io.Native2ASCIIEncodingTest" name="read_CharBuffer_ShouldIgnoreEscapeSequenceThatFollowsThreeBackslashes" time="0.0" />
  <testcase classname="org.jedit.io.Native2ASCIIEncodingTest" name="readerShouldDecodeIfWriterHasWrittenEscapeSequenceAsSingleCharacters" time="0.001" />
  <testcase classname="org.jedit.io.Native2ASCIIEncodingTest" name="read_charArray_int_int_ShouldThrowExceptionOnIncompleteEscapeSequence" time="0.0" />
  <testcase classname="org.jedit.io.Native2ASCIIEncodingTest" name="read_charArray_int_int_shouldReadOnAfterCollapsingEscapeSequences" time="0.0" />
  <testcase classname="org.jedit.io.Native2ASCIIEncodingTest" name="read_charArray_ShouldConvertEscapeSequenceWithThrottledInputStream" time="0.001" />
  <testcase classname="org.jedit.io.Native2ASCIIEncodingTest" name="readerShouldReadSingleCharactersIfWriterAddedAnEscapingBackslash" time="0.002" />
  <testcase classname="org.jedit.io.Native2ASCIIEncodingTest" name="readShouldCorrectlyHandleLessThan5NonEscapeCharactersAfterBackslash" time="0.0" />
  <testcase classname="org.jedit.io.Native2ASCIIEncodingTest" name="read_charArray_ShouldReadBackslashWithoutFollowingUAsBackslash" time="0.001" />
  <testcase classname="org.jedit.io.Native2ASCIIEncodingTest" name="read_charArray_int_int_ShouldReadBackslashWithoutFollowingUAsBackslash" time="0.0" />
  <testcase classname="org.jedit.io.Native2ASCIIEncodingTest" name="read_CharBuffer_ShouldIgnoreEscapeSequenceThatFollowsOneBackslash" time="0.0" />
  <testcase classname="org.jedit.io.Native2ASCIIEncodingTest" name="read_CharBuffer_ShouldThrowExceptionOnMalformedInputWithThrottledReader" time="0.0" />
  <testcase classname="org.jedit.io.Native2ASCIIEncodingTest" name="read_charArray_ShouldIgnoreIncompleteEscapeSequenceThatFollowsOneBackslash" time="0.0" />
  <testcase classname="org.jedit.io.Native2ASCIIEncodingTest" name="permissiveRead_charArray_int_int_ShouldAcceptIncompleteEscapeSequence" time="0.0" />
  <testcase classname="org.jedit.io.Native2ASCIIEncodingTest" name="read_CharBuffer_ShouldConvertEscapeSequenceThatFollowsTwoBackslashes" time="0.001" />
  <testcase classname="org.jedit.io.Native2ASCIIEncodingTest" name="read_CharBuffer_ShouldIgnoreIncompleteEscapeSequenceThatFollowsOneBackslash" time="0.0" />
  <testcase classname="org.jedit.io.Native2ASCIIEncodingTest" name="append_CharSequence_int_int_ShouldEncodeASCIICharactersCorrectly" time="0.002" />
  <testcase classname="org.jedit.io.Native2ASCIIEncodingTest" name="write_charArray_int_int_ShouldEncodeNonASCIICharactersCorrectly" time="0.0" />
  <testcase classname="org.jedit.io.Native2ASCIIEncodingTest" name="append_CharSequence_int_int_ShouldEncodeNonASCIICharactersCorrectly" time="0.001" />
  <testcase classname="org.jedit.io.Native2ASCIIEncodingTest" name="read_charArray_int_int_ShouldCorrectlyHandleEOF" time="0.0" />
  <testcase classname="org.jedit.io.Native2ASCIIEncodingTest" name="readShouldReadBackslashWithoutFollowingUAsBackslash" time="0.0" />
  <testcase classname="org.jedit.io.Native2ASCIIEncodingTest" name="permissiveReadShouldAcceptMalformedInputWithThrottledReader" time="0.001" />
  <testcase classname="org.jedit.io.Native2ASCIIEncodingTest" name="readShouldConvertEscapeSequenceThatFollowsTwoBackslashes" time="0.0" />
  <testcase classname="org.jedit.io.Native2ASCIIEncodingTest" name="readerShouldBeAbleToDecodeWhatWriterHasEncoded" time="0.0" />
  <testcase classname="org.jedit.io.Native2ASCIIEncodingTest" name="readShouldConvertEscapeSequenceWithThrottledInputStream" time="0.0" />
  <testcase classname="org.jedit.io.Native2ASCIIEncodingTest" name="differentReadMethodsShouldBeUsableOnTheSameStream" time="0.001" />
  <testcase classname="org.jedit.io.Native2ASCIIEncodingTest" name="read_CharBuffer_shouldReadOnAfterCollapsingEscapeSequences" time="0.001" />
  <testcase classname="org.jedit.io.Native2ASCIIEncodingTest" name="differentReadMethodsShouldHaveACommonEscapeSequenceHandling" time="0.001" />
  <testcase classname="org.jedit.io.Native2ASCIIEncodingTest" name="write_charArray_ShouldEncodeASCIICharactersCorrectly" time="0.0" />
  <testcase classname="org.jedit.io.Native2ASCIIEncodingTest" name="append_CharSequence_ShouldEncodeNullCorrectly" time="0.001" />
  <testcase classname="org.jedit.io.Native2ASCIIEncodingTest" name="read_CharBuffer_ShouldThrowExceptionOnMissingInputAfterU" time="0.001" />
  <testcase classname="org.jedit.io.Native2ASCIIEncodingTest" name="write_int_ShouldEncodeASCIICharactersCorrectly" time="0.001" />
  <testcase classname="org.jedit.io.Native2ASCIIEncodingTest" name="permissiveRead_CharBuffer_ShouldAcceptMissingInputAfterU" time="0.001" />
  <testcase classname="org.jedit.io.Native2ASCIIEncodingTest" name="readShouldIgnoreEscapeSequenceThatFollowsOneBackslash" time="0.001" />
  <testcase classname="org.jedit.io.Native2ASCIIEncodingTest" name="read_charArray_shouldReadOnAfterCollapsingEscapeSequences" time="0.001" />
  <testcase classname="org.jedit.io.Native2ASCIIEncodingTest" name="read_CharBuffer_ShouldCorrectlyHandleEOFAfterBackslash" time="0.0" />
  <testcase classname="org.jedit.io.Native2ASCIIEncodingTest" name="write_String_ShouldEncodeASCIICharactersCorrectly" time="0.0" />
  <testcase classname="org.jedit.io.Native2ASCIIEncodingTest" name="append_char_ShouldEncodeASCIICharactersCorrectly" time="0.001" />
  <testcase classname="org.jedit.io.Native2ASCIIEncodingTest" name="write_String_int_int_ShouldEncodeNonASCIICharactersCorrectly" time="0.0" />
  <testcase classname="org.jedit.io.Native2ASCIIEncodingTest" name="skipShouldSkipAllIfToSkipIsGreaterThanInputLength" time="0.001" />
  <testcase classname="org.jedit.io.Native2ASCIIEncodingTest" name="permissiveRead_charArray_ShouldAcceptMissingInputAfterU" time="0.0" />
  <testcase classname="org.jedit.io.Native2ASCIIEncodingTest" name="permissiveReadShouldAcceptIncompleteEscapeSequence" time="0.0" />
  <testcase classname="org.jedit.io.Native2ASCIIEncodingTest" name="write_charArray_int_int_ShouldEncodeASCIICharactersCorrectly" time="0.0" />
  <testcase classname="org.jedit.io.Native2ASCIIEncodingTest" name="write_int_ShouldEncodeNonASCIICharactersCorrectly" time="0.0" />
  <testcase classname="org.jedit.io.Native2ASCIIEncodingTest" name="permissiveRead_CharBuffer_ShouldAcceptMalformedInput" time="0.001" />
  <testcase classname="org.jedit.io.Native2ASCIIEncodingTest" name="read_charArray_ShouldCorrectlyHandleEOFAfterBackslash" time="0.0" />
  <testcase classname="org.jedit.io.Native2ASCIIEncodingTest" name="readShouldThrowExceptionOnMalformedInputWithThrottledReader" time="0.0" />
  <testcase classname="org.jedit.io.Native2ASCIIEncodingTest" name="read_charArray_ShouldThrowExceptionOnMissingInputAfterU" time="0.0" />
  <testcase classname="org.jedit.io.Native2ASCIIEncodingTest" name="readShouldIgnoreEscapeSequenceThatFollowsThreeBackslashes" time="0.0" />
  <testcase classname="org.jedit.io.Native2ASCIIEncodingTest" name="write_String_int_int_ShouldEncodeASCIICharactersCorrectly" time="0.001" />
  <testcase classname="org.jedit.io.Native2ASCIIEncodingTest" name="append_CharSequence_ShouldEncodeASCIICharactersCorrectly" time="0.0" />
  <testcase classname="org.jedit.io.Native2ASCIIEncodingTest" name="append_char_ShouldEncodeNonASCIICharactersCorrectly" time="0.0" />
  <testcase classname="org.jedit.io.Native2ASCIIEncodingTest" name="append_CharSequence_ShouldEncodeNonASCIICharactersCorrectly" time="0.001" />
  <testcase classname="org.jedit.io.Native2ASCIIEncodingTest" name="read_charArray_int_int_ShouldThrowExceptionOnMalformedInput" time="0.0" />
  <testcase classname="org.jedit.io.Native2ASCIIEncodingTest" name="write_charArray_ShouldEncodeNonASCIICharactersCorrectly" time="0.001" />
  <testcase classname="org.jedit.io.Native2ASCIIEncodingTest" name="write_String_ShouldEncodeNonASCIICharactersCorrectly" time="0.0" />
  <testcase classname="org.jedit.io.Native2ASCIIEncodingTest" name="append_CharSequence_int_int_ShouldEncodeNullCorrectly" time="0.0" />
  <testcase classname="org.jedit.io.Native2ASCIIEncodingTest" name="read_CharBuffer_ShouldThrowExceptionOnMalformedInput" time="0.0" />
  <testcase classname="org.jedit.io.Native2ASCIIEncodingTest" name="readShouldThrowExceptionOnIncompleteEscapeSequence" time="0.001" />
  <testcase classname="org.jedit.io.Native2ASCIIEncodingTest" name="read_charArray_int_int_ShouldConvertEscapeSequence" time="0.0" />
  <testcase classname="org.jedit.io.Native2ASCIIEncodingTest" name="read_charArray_ShouldThrowExceptionOnMalformedInput" time="0.0" />
  <testcase classname="org.jedit.io.Native2ASCIIEncodingTest" name="permissiveRead_charArray_ShouldAcceptMalformedInput" time="0.001" />
  <testcase classname="org.jedit.io.Native2ASCIIEncodingTest" name="permissiveRead_charArray_int_int_ShouldAcceptMalformedInput" time="0.001" />
  <system-out><![CDATA[]]></system-out>
  <system-err><![CDATA[]]></system-err>
</testsuite>
