<?xml version="1.0" encoding="UTF-8" ?>
<testsuite errors="0" failures="0" hostname="dhcp205.cec.uchile.cl" name="org.jedit.io.Native2ASCIIEncodingTest" skipped="0" tests="108" time="0.178" timestamp="2015-05-08T20:53:48">
  <properties>
    <property name="config.lib.dir" value="lib" />
    <property name="file.encoding.pkg" value="sun.io" />
    <property name="ivy.retrieve.pattern.ivy.instance" value="/Users/Pablo/git/jedit_cc4401/src/lib/[artifact]-[revision](-[classifier]).[ext]" />
    <property name="java.vendor.url.ivy.instance" value="http://java.oracle.com/" />
    <property name="ivy.local.default.ivy.pattern.ivy.instance" value="[organisation]/[module]/[revision]/[type]s/[artifact].[ext]" />
    <property name="ivy.project.dir.ivy.instance" value="/Users/Pablo/git/jedit_cc4401/src" />
    <property name="ivy.resolve.default.type.filter" value="*" />
    <property name="java.home" value="/Library/Java/JavaVirtualMachines/jdk1.8.0_25.jdk/Contents/Home/jre" />
    <property name="ivy.configurations.ivy.instance" value="*" />
    <property name="ivy.basedir.ivy.instance" value="/Users/Pablo/git/jedit_cc4401/src" />
    <property name="ivy.dep.file.ivy.instance" value="ivy.xml" />
    <property name="java.endorsed.dirs" value="/Library/Java/JavaVirtualMachines/jdk1.8.0_25.jdk/Contents/Home/jre/lib/endorsed" />
    <property name="java.class.path.ivy.instance" value="/Applications/eclipse/plugins/org.apache.ant_1.9.2.v201404171502/lib/ant-antlr.jar:/Applications/eclipse/plugins/org.apache.ant_1.9.2.v201404171502/lib/ant-apache-bcel.jar:/Applications/eclipse/plugins/org.apache.ant_1.9.2.v201404171502/lib/ant-apache-bsf.jar:/Applications/eclipse/plugins/org.apache.ant_1.9.2.v201404171502/lib/ant-apache-log4j.jar:/Applications/eclipse/plugins/org.apache.ant_1.9.2.v201404171502/lib/ant-apache-oro.jar:/Applications/eclipse/plugins/org.apache.ant_1.9.2.v201404171502/lib/ant-apache-regexp.jar:/Applications/eclipse/plugins/org.apache.ant_1.9.2.v201404171502/lib/ant-apache-resolver.jar:/Applications/eclipse/plugins/org.apache.ant_1.9.2.v201404171502/lib/ant-apache-xalan2.jar:/Applications/eclipse/plugins/org.apache.ant_1.9.2.v201404171502/lib/ant-commons-logging.jar:/Applications/eclipse/plugins/org.apache.ant_1.9.2.v201404171502/lib/ant-commons-net.jar:/Applications/eclipse/plugins/org.apache.ant_1.9.2.v201404171502/lib/ant-jai.jar:/Applications/eclipse/plugins/org.apache.ant_1.9.2.v201404171502/lib/ant-javamail.jar:/Applications/eclipse/plugins/org.apache.ant_1.9.2.v201404171502/lib/ant-jdepend.jar:/Applications/eclipse/plugins/org.apache.ant_1.9.2.v201404171502/lib/ant-jmf.jar:/Applications/eclipse/plugins/org.apache.ant_1.9.2.v201404171502/lib/ant-jsch.jar:/Applications/eclipse/plugins/org.apache.ant_1.9.2.v201404171502/lib/ant-junit.jar:/Applications/eclipse/plugins/org.apache.ant_1.9.2.v201404171502/lib/ant-junit4.jar:/Applications/eclipse/plugins/org.apache.ant_1.9.2.v201404171502/lib/ant-launcher.jar:/Applications/eclipse/plugins/org.apache.ant_1.9.2.v201404171502/lib/ant-netrexx.jar:/Applications/eclipse/plugins/org.apache.ant_1.9.2.v201404171502/lib/ant-swing.jar:/Applications/eclipse/plugins/org.apache.ant_1.9.2.v201404171502/lib/ant-testutil.jar:/Applications/eclipse/plugins/org.apache.ant_1.9.2.v201404171502/lib/ant.jar:/Applications/eclipse/configuration/org.eclipse.osgi/57/0/.cp/lib/antdebug.jar:/Applications/eclipse/configuration/org.eclipse.osgi/57/0/.cp/lib/remote.jar:/Applications/eclipse/configuration/org.eclipse.osgi/58/0/.cp/lib/remoteAnt.jar:/Library/Java/JavaVirtualMachines/jdk1.8.0_25.jdk/Contents/Home/lib/tools.jar:/Applications/eclipse/plugins/org.eclipse.swt.cocoa.macosx.x86_64_3.103.2.v20150203-1351.jar" />
    <property name="ivy.home" value="/Users/Pablo/.ivy2" />
    <property name="ftp.nonProxyHosts.ivy.instance" value="local|*.local|169.254/16|*.169.254/16" />
    <property name="jEdit.keymap" value="#{{{ Function keys&#xd;&#xa;help.shortcut=F1&#xd;&#xa;show-context-menu.shortcut=CONTEXT_MENU&#xd;&#xa;#}}}&#xd;&#xa;&#xd;&#xa;#{{{ C+X&#xd;&#xa;select-all.shortcut=C+a&#xd;&#xa;complete-word.shortcut=C+b&#xd;&#xa;copy.shortcut=C+c&#xd;&#xa;delete-line.shortcut=C+d&#xd;&#xa;# C+e is a prefix&#xd;&#xa;find.shortcut=C+f&#xd;&#xa;find-next.shortcut=F3&#xd;&#xa;# C+h is not usable on MacOS X&#xd;&#xa;indent-lines.shortcut=C+i&#xd;&#xa;join-lines.shortcut=C+j&#xd;&#xa;swap-marker.shortcut=C+k&#xd;&#xa;goto-line.shortcut=C+g&#xd;&#xa;# C+m is a prefix&#xd;&#xa;new-file.shortcut=C+n&#xd;&#xa;new-file-in-mode.shortcut=CS+n&#xd;&#xa;open-file.shortcut=C+o&#xd;&#xa;reload.shortcut=F5&#xd;&#xa;print.shortcut=C+p&#xd;&#xa;exit.shortcut=C+q&#xd;&#xa;# C+r is a prefix&#xd;&#xa;save.shortcut=C+s&#xd;&#xa;add-marker-shortcut.shortcut=C+t&#xd;&#xa;select-marker.shortcut=C+u&#xd;&#xa;paste.shortcut=C+v&#xd;&#xa;close-buffer.shortcut=C+w&#xd;&#xa;cut.shortcut=C+x&#xd;&#xa;goto-marker.shortcut=C+y&#xd;&#xa;undo.shortcut=C+z&#xd;&#xa;unsplit-current.shortcut=C+0&#xd;&#xa;unsplit.shortcut=C+1&#xd;&#xa;split-horizontal.shortcut=C+2&#xd;&#xa;split-vertical.shortcut=C+3&#xd;&#xa;resplit.shortcut=C+4&#xd;&#xa;#}}}&#xd;&#xa;&#xd;&#xa;#{{{ C+non-alpha&#xd;&#xa;delete-start-line.shortcut=CS+BACK_SPACE&#xd;&#xa;delete-end-line.shortcut=CS+DELETE&#xd;&#xa;prev-paragraph.shortcut=C+UP&#xd;&#xa;next-paragraph.shortcut=C+DOWN&#xd;&#xa;select-prev-paragraph.shortcut=CS+UP&#xd;&#xa;select-next-paragraph.shortcut=CS+DOWN&#xd;&#xa;backspace-word.shortcut=C+BACK_SPACE&#xd;&#xa;delete-word.shortcut=C+DELETE&#xd;&#xa;document-home.shortcut=C+HOME&#xd;&#xa;document-end.shortcut=C+END&#xd;&#xa;select-document-home.shortcut=CS+HOME&#xd;&#xa;select-document-end.shortcut=CS+END&#xd;&#xa;prev-word.shortcut=C+LEFT&#xd;&#xa;select-prev-word.shortcut=CS+LEFT&#xd;&#xa;next-word.shortcut=C+RIGHT&#xd;&#xa;select-next-word.shortcut=CS+RIGHT&#xd;&#xa;action-bar.shortcut=C+ENTER&#xd;&#xa;prev-buffer.shortcut=C+PAGE_UP&#xd;&#xa;next-buffer.shortcut=C+PAGE_DOWN&#xd;&#xa;last-action.shortcut=C+SPACE&#xd;&#xa;&#xd;&#xa;recent-buffer.shortcut=C+BACK_QUOTE&#xd;&#xa;select-block.shortcut=C+OPEN_BRACKET&#xd;&#xa;match-bracket.shortcut=C+CLOSE_BRACKET&#xd;&#xa;expand-abbrev.shortcut=C+SEMICOLON&#xd;&#xa;quick-search.shortcut=C+COMMA&#xd;&#xa;hypersearch.shortcut=C+PERIOD&#xd;&#xa;scroll-up-line.shortcut=C+QUOTE&#xd;&#xa;scroll-down-line.shortcut=C+SLASH&#xd;&#xa;toggle-multi-select.shortcut=C+BACK_SLASH&#xd;&#xa;#}}}&#xd;&#xa;&#xd;&#xa;#{{{ C+e C+X&#xd;&#xa;# Unused: f, h, q, y&#xd;&#xa;copy-append.shortcut=C+e C+a&#xd;&#xa;search-in-open-buffers.shortcut=C+e C+b&#xd;&#xa;range-comment.shortcut=C+e C+c&#xd;&#xa;search-in-directory.shortcut=C+e C+d&#xd;&#xa;replace-and-find-next.shortcut=C+e C+g&#xd;&#xa;ignore-case.shortcut=C+e C+i&#xd;&#xa;scroll-to-current-line.shortcut=C+e C+j&#xd;&#xa;line-comment.shortcut=C+e C+k&#xd;&#xa;select-line-range.shortcut=C+e C+l&#xd;&#xa;add-marker.shortcut=C+e C+m&#xd;&#xa;center-caret.shortcut=C+e C+n&#xd;&#xa;scroll-and-center.shortcut=C+l&#xd;&#xa;open-path.shortcut=C+e C+o&#xd;&#xa;vertical-paste.shortcut=C+e C+p&#xd;&#xa;replace-in-selection.shortcut=C+e C+r&#xd;&#xa;save-all.shortcut=C+e C+s&#xd;&#xa;toggle-line-numbers.shortcut=C+e C+t&#xd;&#xa;cut-append.shortcut=C+e C+u&#xd;&#xa;paste-previous.shortcut=C+e C+v&#xd;&#xa;close-all.shortcut=C+e C+w&#xd;&#xa;regexp.shortcut=C+e C+x&#xd;&#xa;paste-deleted.shortcut=C+e C+y&#xd;&#xa;redo.shortcut=C+e C+z&#xd;&#xa;#}}}&#xd;&#xa;&#xd;&#xa;#{{{ C+e C+non-alpha&#xd;&#xa;left-docking-area.shortcut=C+e C+LEFT&#xd;&#xa;top-docking-area.shortcut=C+e C+UP&#xd;&#xa;right-docking-area.shortcut=C+e C+RIGHT&#xd;&#xa;bottom-docking-area.shortcut=C+e C+DOWN&#xd;&#xa;toggle-full-screen.shortcut=F11&#xd;&#xa;toggle-dock-areas.shortcut=F12&#xd;&#xa;combined-options.shortcut=C+F12&#xd;&#xa;prev-marker.shortcut=C+e C+COMMA&#xd;&#xa;next-marker.shortcut=C+e C+PERIOD&#xd;&#xa;prev-bracket.shortcut=C+e C+OPEN_BRACKET&#xd;&#xa;next-bracket.shortcut=C+e C+CLOSE_BRACKET&#xd;&#xa;close-docking-area.shortcut=C+e C+BACK_QUOTE&#xd;&#xa;#}}}&#xd;&#xa;&#xd;&#xa;#{{{ C+e X&#xd;&#xa;# Unused: b e g h j k m o q t y z&#xd;&#xa;add-explicit-fold.shortcut=C+e a&#xd;&#xa;collapse-all-folds.shortcut=C+e c&#xd;&#xa;delete-paragraph.shortcut=C+e d&#xd;&#xa;format-paragraph.shortcut=C+e f&#xd;&#xa;find-previous.shortcut=C+e g&#xd;&#xa;invert-selection.shortcut=C+e i&#xd;&#xa;select-line.shortcut=C+e l&#xd;&#xa;narrow-to-fold.shortcut=C+e n n&#xd;&#xa;narrow-to-selection.shortcut=C+e n s&#xd;&#xa;select-paragraph.shortcut=C+e p&#xd;&#xa;remove-trailing-ws.shortcut=C+e r&#xd;&#xa;select-fold.shortcut=C+e s&#xd;&#xa;insert-literal.shortcut=C+e v&#xd;&#xa;select-word.shortcut=C+e w&#xd;&#xa;parent-fold.shortcut=C+e u&#xd;&#xa;expand-all-folds.shortcut=C+e x&#xd;&#xa;#}}}&#xd;&#xa;&#xd;&#xa;#{{{ C+e non-alpha&#xd;&#xa;expand-folds.shortcut=C+e ENTER&#xd;&#xa;#}}}&#xd;&#xa;&#xd;&#xa;#{{{ C+m C+X&#xd;&#xa;record-temp-macro.shortcut=C+m C+m&#xd;&#xa;run-temp-macro.shortcut=C+m C+p&#xd;&#xa;record-macro.shortcut=C+m C+r&#xd;&#xa;stop-recording.shortcut=C+m C+s&#xd;&#xa;last-macro.shortcut=C+m C+l&#xd;&#xa;#}}}&#xd;&#xa;&#xd;&#xa;#{{{ C+r C+X&#xd;&#xa;copy-append-string-register.shortcut=C+r C+a&#xd;&#xa;copy-string-register.shortcut=C+r C+c&#xd;&#xa;clear-register.shortcut=C+r C+l&#xd;&#xa;vertical-paste-string-register.shortcut=C+r C+p&#xd;&#xa;cut-append-string-register.shortcut=C+r C+u&#xd;&#xa;paste-string-register.shortcut=C+r C+v&#xd;&#xa;cut-string-register.shortcut=C+r C+x&#xd;&#xa;#}}}&#xd;&#xa;&#xd;&#xa;#{{{ A+non-alpha&#xd;&#xa;prev-fold.shortcut=A+UP&#xd;&#xa;next-fold.shortcut=A+DOWN&#xd;&#xa;shift-left.shortcut=A+LEFT&#xd;&#xa;shift-right.shortcut=A+RIGHT&#xd;&#xa;collapse-fold.shortcut=A+BACK_SPACE&#xd;&#xa;expand-fold.shortcut=AS+ENTER&#xd;&#xa;expand-one-level.shortcut=A+ENTER&#xd;&#xa;quick-search-word.shortcut=A+COMMA&#xd;&#xa;hypersearch-word.shortcut=A+PERIOD&#xd;&#xa;scroll-up-page.shortcut=A+QUOTE&#xd;&#xa;scroll-down-page.shortcut=A+SLASH&#xd;&#xa;prev-textarea.shortcut=A+PAGE_UP&#xd;&#xa;next-textarea.shortcut=A+PAGE_DOWN&#xd;&#xa;&#xd;&#xa;focus-buffer-switcher.shortcut=A+BACK_QUOTE&#xd;&#xa;toggle-rect-select.shortcut=A+BACK_SLASH&#xd;&#xa;#}}}&#xd;&#xa;&#xd;&#xa;#{{{ Other keys&#xd;&#xa;shift-left.shortcut2=S+TAB&#xd;&#xa;select-none.shortcut=ESCAPE&#xd;&#xa;backspace.shortcut=BACK_SPACE&#xd;&#xa;delete.shortcut=DELETE&#xd;&#xa;overwrite.shortcut=INSERT&#xd;&#xa;home.shortcut=HOME&#xd;&#xa;end.shortcut=END&#xd;&#xa;select-home.shortcut=S+HOME&#xd;&#xa;select-end.shortcut=S+END&#xd;&#xa;prev-page.shortcut=PAGE_UP&#xd;&#xa;next-page.shortcut=PAGE_DOWN&#xd;&#xa;select-prev-page.shortcut=S+PAGE_UP&#xd;&#xa;select-next-page.shortcut=S+PAGE_DOWN&#xd;&#xa;prev-char.shortcut=LEFT&#xd;&#xa;select-prev-char.shortcut=S+LEFT&#xd;&#xa;next-char.shortcut=RIGHT&#xd;&#xa;select-next-char.shortcut=S+RIGHT&#xd;&#xa;prev-line.shortcut=UP&#xd;&#xa;select-prev-line.shortcut=S+UP&#xd;&#xa;next-line.shortcut=DOWN&#xd;&#xa;select-next-line.shortcut=S+DOWN&#xd;&#xa;insert-newline-indent.shortcut=ENTER&#xd;&#xa;insert-newline.shortcut=S+ENTER&#xd;&#xa;insert-tab-indent.shortcut=TAB&#xd;&#xa;#}}}&#xd;&#xa;&#xd;&#xa;#{{{ Alternative shortcuts for frequently-used commands&#xd;&#xa;select-next-page.shortcut2=AS+a&#xd;&#xa;select-prev-line.shortcut2=AS+i&#xd;&#xa;select-prev-char.shortcut2=AS+j&#xd;&#xa;select-next-line.shortcut2=AS+k&#xd;&#xa;select-next-char.shortcut2=AS+l&#xd;&#xa;select-prev-page.shortcut2=AS+q&#xd;&#xa;select-end.shortcut2=AS+x&#xd;&#xa;select-home.shortcut2=AS+z&#xd;&#xa;copy.shortcut2=C+INSERT&#xd;&#xa;paste.shortcut2=S+INSERT&#xd;&#xa;cut.shortcut2=S+DELETE&#xd;&#xa;#}}}&#xd;&#xa;&#xd;&#xa;#{{{ VFS browser&#xd;&#xa;vfs.browser.delete.shortcut=DELETE&#xd;&#xa;vfs.browser.home.shortcut=~&#xd;&#xa;vfs.browser.new-directory.shortcut=INSERT&#xd;&#xa;vfs.browser.new-file.shortcut=C+n&#xd;&#xa;vfs.browser.reload.shortcut=F5&#xd;&#xa;vfs.browser.rename.shortcut=F2&#xd;&#xa;vfs.browser.roots.shortcut=/&#xd;&#xa;vfs.browser.synchronize.shortcut=-&#xd;&#xa;vfs.browser.up.shortcut=A+Up&#xd;&#xa;vfs.browser.previous.shortcut=A+Left&#xd;&#xa;vfs.browser.next.shortcut=A+Right&#xd;&#xa;#}}}&#xd;&#xa;" />
    <property name="java.vm.specification.vendor.ivy.instance" value="Oracle Corporation" />
    <property name="sun.os.patch.level" value="unknown" />
    <property name="ivy.dep.file" value="ivy.xml" />
    <property name="java.vendor.url" value="http://java.oracle.com/" />
    <property name="ivy.local.default.artifact.pattern.ivy.instance" value="[organisation]/[module]/[revision]/[type]s/[artifact].[ext]" />
    <property name="ivy.lib.dir.ivy.instance" value="/Users/Pablo/git/jedit_cc4401/src/lib" />
    <property name="java.version" value="1.8.0_25" />
    <property name="ivy.conf.dir.ivy.instance" value="/Users/Pablo/git/jedit_cc4401/src" />
    <property name="sun.boot.library.path.ivy.instance" value="/Library/Java/JavaVirtualMachines/jdk1.8.0_25.jdk/Contents/Home/jre/lib" />
    <property name="ivy.done" value="true" />
    <property name="ivy.report.output.pattern.ivy.instance" value="[organisation]-[module]-[conf].[ext]" />
    <property name="ivy.module" value="jedit" />
    <property name="ivy.publish.src.artifacts.pattern.ivy.instance" value="/Users/Pablo/git/jedit_cc4401/src/distrib/[type]s/[artifact]-[revision](-[classifier]).[ext]" />
    <property name="java.vendor.url.bug" value="http://bugreport.sun.com/bugreport/" />
    <property name="sun.management.compiler.ivy.instance" value="HotSpot 64-Bit Tiered Compilers" />
    <property name="ant.project.invoked-targets" value="build,run" />
    <property name="ivy.local.default.artifact.pattern" value="[organisation]/[module]/[revision]/[type]s/[artifact].[ext]" />
    <property name="os.name.ivy.instance" value="Mac OS X" />
    <property name="ivy.default.ivy.user.dir.ivy.instance" value="/Users/Pablo/.ivy2" />
    <property name="ivy.default.always.check.exact.revision" value="false" />
    <property name="ivy.default.settings.dir.ivy.instance" value="jar:file:/Users/Pablo/git/jedit_cc4401/src/lib/ivy/ivy-2.2.0.jar!/org/apache/ivy/core/settings" />
    <property name="user.name" value="Pablo" />
    <property name="sun.io.unicode.encoding" value="UnicodeBig" />
    <property name="ivy.shared.default.root.ivy.instance" value="/Users/Pablo/.ivy2/shared" />
    <property name="sun.jnu.encoding" value="UTF-8" />
    <property name="java.runtime.name" value="Java(TM) SE Runtime Environment" />
    <property name="ant.home.ivy.instance" value="/Applications/eclipse/plugins/org.apache.ant_1.9.2.v201404171502" />
    <property name="file.encoding.ivy.instance" value="UTF-8" />
    <property name="user.country.format.ivy.instance" value="CL" />
    <property name="ivy.cache.ttl.default.ivy.instance" value="10s" />
    <property name="ivy.conf.file.ivy.instance" value="/Users/Pablo/git/jedit_cc4401/src/ivysettings.xml" />
    <property name="java.specification.vendor.ivy.instance" value="Oracle Corporation" />
    <property name="java.vendor.ivy.instance" value="Oracle Corporation" />
    <property name="lib.dir" value="/Users/Pablo/git/jedit_cc4401/src/lib" />
    <property name="sun.cpu.isalist.ivy.instance" value="" />
    <property name="java.specification.name" value="Java Platform API Specification" />
    <property name="ftp.nonProxyHosts" value="local|*.local|169.254/16|*.169.254/16" />
    <property name="user.timezone" value="America/Santiago" />
    <property name="java.endorsed.dirs.ivy.instance" value="/Library/Java/JavaVirtualMachines/jdk1.8.0_25.jdk/Contents/Home/jre/lib/endorsed" />
    <property name="slackware.target.java.version" value="1_7_0" />
    <property name="path.separator" value=":" />
    <property name="config.dist.dir" value="dist" />
    <property name="mac.target.java.version" value="1.7+" />
    <property name="java.class.version.ivy.instance" value="52.0" />
    <property name="ivy.default.conf.dir" value="jar:file:/Users/Pablo/git/jedit_cc4401/src/lib/ivy/ivy-2.2.0.jar!/org/apache/ivy/core/settings" />
    <property name="file.encoding" value="UTF-8" />
    <property name="java.runtime.name.ivy.instance" value="Java(TM) SE Runtime Environment" />
    <property name="ivy.resolve.default.type.filter.ivy.instance" value="*" />
    <property name="ant.project.default-target" value="build" />
    <property name="jedit.version.final" value="false" />
    <property name="win.filename" value="jedit5.3pre1install" />
    <property name="ivy.targets.copied" value="true" />
    <property name="sun.java.command" value="org.apache.tools.ant.taskdefs.optional.junit.JUnitTestRunner org.jedit.io.Native2ASCIIEncodingTest filtertrace=true haltOnError=false haltOnFailure=false formatter=org.apache.tools.ant.taskdefs.optional.junit.SummaryJUnitResultFormatter showoutput=true outputtoformatters=true logfailedtests=true logtestlistenerevents=true formatter=org.apache.tools.ant.taskdefs.optional.junit.XMLJUnitResultFormatter,/Users/Pablo/git/jedit_cc4401/src/build/test/raw-reports/TEST-org.jedit.io.Native2ASCIIEncodingTest.xml crashfile=/Users/Pablo/git/jedit_cc4401/src/junitvmwatcher7094937014739880357.properties propsfile=/Users/Pablo/git/jedit_cc4401/src/junit4146947325100836698.properties" />
    <property name="socksNonProxyHosts" value="local|*.local|169.254/16|*.169.254/16" />
    <property name="ivy.shared.default.artifact.pattern" value="[organisation]/[module]/[revision]/[type]s/[artifact].[ext]" />
    <property name="ant.file" value="/Users/Pablo/git/jedit_cc4401/src/build.xml" />
    <property name="ivy.distrib.dir.ivy.instance" value="/Users/Pablo/git/jedit_cc4401/src/distrib" />
    <property name="ivy.checksums.ivy.instance" value="sha1,md5" />
    <property name="sun.arch.data.model.ivy.instance" value="64" />
    <property name="ivy.build.artifacts.dir.ivy.instance" value="/Users/Pablo/git/jedit_cc4401/src/build/artifacts" />
    <property name="ivy.settings.file" value="ivysettings.xml" />
    <property name="java.io.tmpdir" value="/var/folders/1k/k8f5hf094hd22_rxtw9wn5h00000gn/T/" />
    <property name="ivy.buildlist.ivyfilepath.ivy.instance" value="ivy.xml" />
    <property name="ivy.cache.ttl.default" value="10s" />
    <property name="user.language" value="es" />
    <property name="user.dir.ivy.instance" value="/Users/Pablo/git/jedit_cc4401/src" />
    <property name="ivy.home.ivy.instance" value="/Users/Pablo/.ivy2" />
    <property name="org.apache.tools.ant.taskdefs.optional.junit.AggregateTransformer0" value="/var/folders/1k/k8f5hf094hd22_rxtw9wn5h00000gn/T/null1179736929" />
    <property name="line.separator" value="&#xa;" />
    <property name="java.specification.version.ivy.instance" value="1.8" />
    <property name="ivy.build.artifacts.dir" value="/Users/Pablo/git/jedit_cc4401/src/build/artifacts" />
    <property name="src.archive.filename" value="jedit5.3pre1source.tar.bz2" />
    <property name="sun.io.unicode.encoding.ivy.instance" value="UnicodeBig" />
    <property name="ivy.status" value="integration" />
    <property name="java.vm.info" value="mixed mode" />
    <property name="ivy.lib.dir" value="/Users/Pablo/git/jedit_cc4401/src/lib" />
    <property name="jedit.build.number" value="05.03.01.00" />
    <property name="java.vm.specification.name" value="Java Virtual Machine Specification" />
    <property name="ivy.default.conf.dir.ivy.instance" value="jar:file:/Users/Pablo/git/jedit_cc4401/src/lib/ivy/ivy-2.2.0.jar!/org/apache/ivy/core/settings" />
    <property name="java.vm.version.ivy.instance" value="25.25-b02" />
    <property name="http.nonProxyHosts" value="local|*.local|169.254/16|*.169.254/16" />
    <property name="user.name.ivy.instance" value="Pablo" />
    <property name="config.build.compilerarg" value="-Xlint:unchecked" />
    <property name="ivy.cache.dir" value="/Users/Pablo/.ivy2/cache" />
    <property name="java.awt.printerjob" value="sun.lwawt.macosx.CPrinterJob" />
    <property name="java.io.tmpdir.ivy.instance" value="/var/folders/1k/k8f5hf094hd22_rxtw9wn5h00000gn/T/" />
    <property name="jar.location" value="/Users/Pablo/git/jedit_cc4401/src/build" />
    <property name="ant.version" value="Apache Ant(TM) version 1.9.2 compiled on July 8 2013" />
    <property name="java.home.ivy.instance" value="/Library/Java/JavaVirtualMachines/jdk1.8.0_25.jdk/Contents/Home/jre" />
    <property name="java.vm.vendor.ivy.instance" value="Oracle Corporation" />
    <property name="user.country.format" value="CL" />
    <property name="gopherProxySet" value="false" />
    <property name="ivy.default.settings.dir" value="jar:file:/Users/Pablo/git/jedit_cc4401/src/lib/ivy/ivy-2.2.0.jar!/org/apache/ivy/core/settings" />
    <property name="jedit.version" value="5.3pre1" />
    <property name="ivy.configurations" value="*" />
    <property name="ivy.settings.url" value="file:/Users/Pablo/git/jedit_cc4401/src/ivysettings.xml" />
    <property name="os.name" value="Mac OS X" />
    <property name="java.specification.vendor" value="Oracle Corporation" />
    <property name="sun.jnu.encoding.ivy.instance" value="UTF-8" />
    <property name="ivy.deliver.ivy.pattern.ivy.instance" value="/Users/Pablo/git/jedit_cc4401/src/distrib/[type]s/[artifact]-[revision](-[classifier]).[ext]" />
    <property name="manual.filename.prefix" value="jedit5.3pre1manual-" />
    <property name="ivy.checksums" value="sha1,md5" />
    <property name="ant.file.jedit" value="/Users/Pablo/git/jedit_cc4401/src/build.xml" />
    <property name="java.vm.name" value="Java HotSpot(TM) 64-Bit Server VM" />
    <property name="http.nonProxyHosts.ivy.instance" value="local|*.local|169.254/16|*.169.254/16" />
    <property name="ivy.jar.file" value="/Users/Pablo/git/jedit_cc4401/src/lib/ivy/ivy-2.2.0.jar" />
    <property name="ivy.log.modules.in.use" value="false" />
    <property name="java.runtime.version.ivy.instance" value="1.8.0_25-b17" />
    <property name="ivy.report.output.pattern" value="[organisation]-[module]-[conf].[ext]" />
    <property name="ivy.version" value="2.2.0" />
    <property name="java.library.path" value="/Users/Pablo/Library/Java/Extensions:/Library/Java/Extensions:/Network/Library/Java/Extensions:/System/Library/Java/Extensions:/usr/lib/java:." />
    <property name="ivy.conf.url" value="file:/Users/Pablo/git/jedit_cc4401/src/ivysettings.xml" />
    <property name="java.vm.name.ivy.instance" value="Java HotSpot(TM) 64-Bit Server VM" />
    <property name="os.version.ivy.instance" value="10.10.3" />
    <property name="line.separator.ivy.instance" value="&#xa;" />
    <property name="ant.java.version" value="1.8" />
    <property name="sun.cpu.endian.ivy.instance" value="little" />
    <property name="mac.disk.image.filename" value="jedit5.3pre1install.dmg" />
    <property name="java.vm.specification.name.ivy.instance" value="Java Virtual Machine Specification" />
    <property name="basedir" value="/Users/Pablo/git/jedit_cc4401/src" />
    <property name="java.class.version" value="52.0" />
    <property name="ivy.settings.url.ivy.instance" value="file:/Users/Pablo/git/jedit_cc4401/src/ivysettings.xml" />
    <property name="path.separator.ivy.instance" value=":" />
    <property name="sun.boot.class.path.ivy.instance" value="/Library/Java/JavaVirtualMachines/jdk1.8.0_25.jdk/Contents/Home/jre/lib/resources.jar:/Library/Java/JavaVirtualMachines/jdk1.8.0_25.jdk/Contents/Home/jre/lib/rt.jar:/Library/Java/JavaVirtualMachines/jdk1.8.0_25.jdk/Contents/Home/jre/lib/sunrsasign.jar:/Library/Java/JavaVirtualMachines/jdk1.8.0_25.jdk/Contents/Home/jre/lib/jsse.jar:/Library/Java/JavaVirtualMachines/jdk1.8.0_25.jdk/Contents/Home/jre/lib/jce.jar:/Library/Java/JavaVirtualMachines/jdk1.8.0_25.jdk/Contents/Home/jre/lib/charsets.jar:/Library/Java/JavaVirtualMachines/jdk1.8.0_25.jdk/Contents/Home/jre/lib/jfr.jar:/Library/Java/JavaVirtualMachines/jdk1.8.0_25.jdk/Contents/Home/jre/classes" />
    <property name="ant.home" value="/Applications/eclipse/plugins/org.apache.ant_1.9.2.v201404171502" />
    <property name="ivy.jar.filename" value="ivy-2.2.0.jar" />
    <property name="ivy.resolved.configurations" value="default, master, compile, runtime, test, provided, sources, javadoc, ant-contrib, docbook, fop, launch4j, scripting, default-plugins" />
    <property name="dist.jar.filename" value="jedit5.3pre1install.jar" />
    <property name="config.ivy.version" value="2.2.0" />
    <property name="ivy.deliver.ivy.pattern" value="/Users/Pablo/git/jedit_cc4401/src/distrib/[type]s/[artifact]-[revision](-[classifier]).[ext]" />
    <property name="config.build.deprecation" value="true" />
    <property name="sun.boot.library.path" value="/Library/Java/JavaVirtualMachines/jdk1.8.0_25.jdk/Contents/Home/jre/lib" />
    <property name="build.dir" value="/Users/Pablo/git/jedit_cc4401/src/build" />
    <property name="java.library.path.ivy.instance" value="/Users/Pablo/Library/Java/Extensions:/Library/Java/Extensions:/Network/Library/Java/Extensions:/System/Library/Java/Extensions:/usr/lib/java:.:/Applications/eclipse/configuration/org.eclipse.osgi/338/0/.cp" />
    <property name="ivy.default.always.check.exact.revision.ivy.instance" value="false" />
    <property name="ivy.jar.present" value="true" />
    <property name="awt.toolkit.ivy.instance" value="sun.lwawt.macosx.LWCToolkit" />
    <property name="sun.management.compiler" value="HotSpot 64-Bit Tiered Compilers" />
    <property name="ivy.basedir" value="/Users/Pablo/git/jedit_cc4401/src" />
    <property name="java.awt.graphicsenv" value="sun.awt.CGraphicsEnvironment" />
    <property name="java.ext.dirs.ivy.instance" value="/Users/Pablo/Library/Java/Extensions:/Library/Java/JavaVirtualMachines/jdk1.8.0_25.jdk/Contents/Home/jre/lib/ext:/Library/Java/Extensions:/Network/Library/Java/Extensions:/System/Library/Java/Extensions:/usr/lib/java" />
    <property name="ivy.log.modules.in.use.ivy.instance" value="false" />
    <property name="sun.os.patch.level.ivy.instance" value="unknown" />
    <property name="file.encoding.pkg.ivy.instance" value="sun.io" />
    <property name="ivy.shared.default.ivy.pattern" value="[organisation]/[module]/[revision]/[type]s/[artifact].[ext]" />
    <property name="ivy.resolver.default.check.modified" value="false" />
    <property name="ivy.settings.file.ivy.instance" value="/Users/Pablo/git/jedit_cc4401/src/ivysettings.xml" />
    <property name="ivy.nb.targets.copied" value="1" />
    <property name="ant.project.name" value="jedit" />
    <property name="ivy.cache.dir.ivy.instance" value="/Users/Pablo/.ivy2/cache" />
    <property name="java.vm.specification.version" value="1.8" />
    <property name="socksNonProxyHosts.ivy.instance" value="local|*.local|169.254/16|*.169.254/16" />
    <property name="ivy.status.ivy.instance" value="integration" />
    <property name="awt.toolkit" value="sun.lwawt.macosx.LWCToolkit" />
    <property name="sun.cpu.isalist" value="" />
    <property name="file.separator.ivy.instance" value="/" />
    <property name="java.ext.dirs" value="/Users/Pablo/Library/Java/Extensions:/Library/Java/JavaVirtualMachines/jdk1.8.0_25.jdk/Contents/Home/jre/lib/ext:/Library/Java/Extensions:/Network/Library/Java/Extensions:/System/Library/Java/Extensions:/usr/lib/java" />
    <property name="ivy.local.default.root.ivy.instance" value="/Users/Pablo/.ivy2/local" />
    <property name="ivy.deps.changed" value="false" />
    <property name="os.version" value="10.10.3" />
    <property name="user.home" value="/Users/Pablo" />
    <property name="sun.java.launcher.ivy.instance" value="SUN_STANDARD" />
    <property name="java.vm.vendor" value="Oracle Corporation" />
    <property name="ivy.local.default.root" value="/Users/Pablo/.ivy2/local" />
    <property name="ivy.organisation" value="org.jedit" />
    <property name="user.dir" value="/Users/Pablo/git/jedit_cc4401/src" />
    <property name="ant.library.dir.ivy.instance" value="/Applications/eclipse/plugins/org.apache.ant_1.9.2.v201404171502/lib" />
    <property name="ivy.local.default.ivy.pattern" value="[organisation]/[module]/[revision]/[type]s/[artifact].[ext]" />
    <property name="ivy.shared.default.ivy.pattern.ivy.instance" value="[organisation]/[module]/[revision]/[type]s/[artifact].[ext]" />
    <property name="java.vm.info.ivy.instance" value="mixed mode" />
    <property name="ivy.publish.src.artifacts.pattern" value="/Users/Pablo/git/jedit_cc4401/src/distrib/[type]s/[artifact]-[revision](-[classifier]).[ext]" />
    <property name="sun.java.command.ivy.instance" value="org.eclipse.ant.internal.launching.remote.InternalAntRunner -Declipse.connect.request_port=51273 -Dorg.eclipse.ant.core.ANT_PROCESS_ID=1431118421789 -Declipse.connect.port=51272 -Dant.home=/Applications/eclipse/plugins/org.apache.ant_1.9.2.v201404171502 -logger org.eclipse.ant.internal.launching.remote.logger.RemoteAntDebugBuildLogger -inputhandler org.eclipse.ant.internal.ui.antsupport.inputhandler.ProxyInputHandler -buildfile /Users/Pablo/git/jedit_cc4401/src/build.xml build run" />
    <property name="ivy.distrib.dir" value="/Users/Pablo/git/jedit_cc4401/src/distrib" />
    <property name="sun.cpu.endian" value="little" />
    <property name="ivy.revision" value="working@dhcp205.cec.uchile.cl" />
    <property name="user.timezone.ivy.instance" value="America/Santiago" />
    <property name="java.vm.version" value="25.25-b02" />
    <property name="config.build.debuglevel" value="lines,vars,source" />
    <property name="java.class.path" value="/Users/Pablo/git/jedit_cc4401/src/lib/test/hamcrest-core.jar:/Users/Pablo/git/jedit_cc4401/src/lib/test/hamcrest-library.jar:/Users/Pablo/git/jedit_cc4401/src/lib/test/jsch.jar:/Users/Pablo/git/jedit_cc4401/src/lib/test/jsr305.jar:/Users/Pablo/git/jedit_cc4401/src/lib/test/junit-dep.jar:/Users/Pablo/git/jedit_cc4401/src/lib/test/org.eclipse.jgit.jar:/Users/Pablo/git/jedit_cc4401/src/build/classes/core:/Users/Pablo/git/jedit_cc4401/src/build/classes/test:/Applications/eclipse/plugins/org.apache.ant_1.9.2.v201404171502/lib/ant.jar:/Applications/eclipse/plugins/org.apache.ant_1.9.2.v201404171502/lib/ant-junit.jar:/Applications/eclipse/plugins/org.apache.ant_1.9.2.v201404171502/lib/ant-junit4.jar" />
    <property name="ivy.default.ivy.user.dir" value="/Users/Pablo/.ivy2" />
    <property name="user.home.ivy.instance" value="/Users/Pablo" />
    <property name="basedir.ivy.instance" value="/Users/Pablo/git/jedit_cc4401/src" />
    <property name="ant.library.dir" value="/Applications/eclipse/plugins/org.apache.ant_1.9.2.v201404171502/lib" />
    <property name="os.arch" value="x86_64" />
    <property name="ivy.conf.file" value="/Users/Pablo/git/jedit_cc4401/src/ivysettings.xml" />
    <property name="ivy.jar.dir" value="/Users/Pablo/git/jedit_cc4401/src/lib/ivy" />
    <property name="java.awt.graphicsenv.ivy.instance" value="sun.awt.CGraphicsEnvironment" />
    <property name="java.vendor.url.bug.ivy.instance" value="http://bugreport.sun.com/bugreport/" />
    <property name="dist.dir" value="/Users/Pablo/git/jedit_cc4401/src/dist" />
    <property name="java.vm.specification.version.ivy.instance" value="1.8" />
    <property name="sun.java.launcher" value="SUN_STANDARD" />
    <property name="classes.dir" value="/Users/Pablo/git/jedit_cc4401/src/build/classes" />
    <property name="init.done" value="true" />
    <property name="java.awt.printerjob.ivy.instance" value="sun.lwawt.macosx.CPrinterJob" />
    <property name="ivy.settings.dir.ivy.instance" value="/Users/Pablo/git/jedit_cc4401/src" />
    <property name="ivy.resolver.default.check.modified.ivy.instance" value="false" />
    <property name="ant.core.lib" value="/Applications/eclipse/plugins/org.apache.ant_1.9.2.v201404171502/lib/ant.jar" />
    <property name="java.vm.specification.vendor" value="Oracle Corporation" />
    <property name="ivy.settings.dir" value="/Users/Pablo/git/jedit_cc4401/src" />
    <property name="gopherProxySet.ivy.instance" value="false" />
    <property name="user.language.ivy.instance" value="es" />
    <property name="file.separator" value="/" />
    <property name="ivy.shared.default.artifact.pattern.ivy.instance" value="[organisation]/[module]/[revision]/[type]s/[artifact].[ext]" />
    <property name="user.country.ivy.instance" value="ES" />
    <property name="ivy.conf.url.ivy.instance" value="file:/Users/Pablo/git/jedit_cc4401/src/ivysettings.xml" />
    <property name="java.runtime.version" value="1.8.0_25-b17" />
    <property name="java.specification.name.ivy.instance" value="Java Platform API Specification" />
    <property name="sun.boot.class.path" value="/Library/Java/JavaVirtualMachines/jdk1.8.0_25.jdk/Contents/Home/jre/lib/resources.jar:/Library/Java/JavaVirtualMachines/jdk1.8.0_25.jdk/Contents/Home/jre/lib/rt.jar:/Library/Java/JavaVirtualMachines/jdk1.8.0_25.jdk/Contents/Home/jre/lib/sunrsasign.jar:/Library/Java/JavaVirtualMachines/jdk1.8.0_25.jdk/Contents/Home/jre/lib/jsse.jar:/Library/Java/JavaVirtualMachines/jdk1.8.0_25.jdk/Contents/Home/jre/lib/jce.jar:/Library/Java/JavaVirtualMachines/jdk1.8.0_25.jdk/Contents/Home/jre/lib/charsets.jar:/Library/Java/JavaVirtualMachines/jdk1.8.0_25.jdk/Contents/Home/jre/lib/jfr.jar:/Library/Java/JavaVirtualMachines/jdk1.8.0_25.jdk/Contents/Home/jre/classes" />
    <property name="ivy.conf.dir" value="/Users/Pablo/git/jedit_cc4401/src" />
    <property name="config.build.dir" value="build" />
    <property name="ivy.retrieve.pattern" value="/Users/Pablo/git/jedit_cc4401/src/lib/[conf]/[artifact](-[classifier]).[ext]" />
    <property name="textAreaPackage" value="/Users/Pablo/git/jedit_cc4401/textarea" />
    <property name="jar.filename" value="jedit.jar" />
    <property name="user.country" value="ES" />
    <property name="ivy.shared.default.root" value="/Users/Pablo/.ivy2/shared" />
    <property name="java.version.ivy.instance" value="1.8.0_25" />
    <property name="ant.file.type.jedit" value="file" />
    <property name="ivy.resolved.file" value="/Users/Pablo/git/jedit_cc4401/src/ivy.xml" />
    <property name="target.java.version" value="1.7" />
    <property name="os.arch.ivy.instance" value="x86_64" />
    <property name="java.vendor" value="Oracle Corporation" />
    <property name="ivy.project.dir" value="/Users/Pablo/git/jedit_cc4401/src" />
    <property name="java.specification.version" value="1.8" />
    <property name="ivy.buildlist.ivyfilepath" value="ivy.xml" />
    <property name="sun.arch.data.model" value="64" />
    <property name="config.build.nowarn" value="false" />
  </properties>
  <testcase classname="org.jedit.io.Native2ASCIIEncodingTest" name="read_charArray_ShouldConvertEscapeSequence" time="0.008" />
  <testcase classname="org.jedit.io.Native2ASCIIEncodingTest" name="readShouldConvertEscapeSequence" time="0.0" />
  <testcase classname="org.jedit.io.Native2ASCIIEncodingTest" name="read_charArray_int_int_ShouldConvertEscapeSequence" time="0.0" />
  <testcase classname="org.jedit.io.Native2ASCIIEncodingTest" name="read_CharBuffer_ShouldConvertEscapeSequence" time="0.001" />
  <testcase classname="org.jedit.io.Native2ASCIIEncodingTest" name="readShouldThrowExceptionOnIncompleteEscapeSequence" time="0.0" />
  <testcase classname="org.jedit.io.Native2ASCIIEncodingTest" name="read_charArray_ShouldThrowExceptionOnIncompleteEscapeSequence" time="0.001" />
  <testcase classname="org.jedit.io.Native2ASCIIEncodingTest" name="read_charArray_int_int_ShouldThrowExceptionOnIncompleteEscapeSequence" time="0.0" />
  <testcase classname="org.jedit.io.Native2ASCIIEncodingTest" name="read_CharBuffer_ShouldThrowExceptionOnIncompleteEscapeSequence" time="0.0" />
  <testcase classname="org.jedit.io.Native2ASCIIEncodingTest" name="readShouldThrowExceptionOnMissingInputAfterU" time="0.001" />
  <testcase classname="org.jedit.io.Native2ASCIIEncodingTest" name="read_charArray_ShouldThrowExceptionOnMissingInputAfterU" time="0.0" />
  <testcase classname="org.jedit.io.Native2ASCIIEncodingTest" name="read_charArray_int_int_ShouldThrowExceptionOnMissingInputAfterU" time="0.001" />
  <testcase classname="org.jedit.io.Native2ASCIIEncodingTest" name="read_CharBuffer_ShouldThrowExceptionOnMissingInputAfterU" time="0.0" />
  <testcase classname="org.jedit.io.Native2ASCIIEncodingTest" name="readShouldThrowExceptionOnMalformedInput" time="0.001" />
  <testcase classname="org.jedit.io.Native2ASCIIEncodingTest" name="read_charArray_ShouldThrowExceptionOnMalformedInput" time="0.0" />
  <testcase classname="org.jedit.io.Native2ASCIIEncodingTest" name="read_charArray_int_int_ShouldThrowExceptionOnMalformedInput" time="0.0" />
  <testcase classname="org.jedit.io.Native2ASCIIEncodingTest" name="read_CharBuffer_ShouldThrowExceptionOnMalformedInput" time="0.001" />
  <testcase classname="org.jedit.io.Native2ASCIIEncodingTest" name="permissiveReadShouldAcceptIncompleteEscapeSequence" time="0.001" />
  <testcase classname="org.jedit.io.Native2ASCIIEncodingTest" name="permissiveRead_charArray_ShouldAcceptIncompleteEscapeSequence" time="0.001" />
  <testcase classname="org.jedit.io.Native2ASCIIEncodingTest" name="permissiveRead_charArray_int_int_ShouldAcceptIncompleteEscapeSequence" time="0.0" />
  <testcase classname="org.jedit.io.Native2ASCIIEncodingTest" name="permissiveRead_CharBuffer_ShouldAcceptIncompleteEscapeSequence" time="0.0" />
  <testcase classname="org.jedit.io.Native2ASCIIEncodingTest" name="permissiveReadShouldAcceptMissingInputAfterU" time="0.0" />
  <testcase classname="org.jedit.io.Native2ASCIIEncodingTest" name="permissiveRead_charArray_ShouldAcceptMissingInputAfterU" time="0.0" />
  <testcase classname="org.jedit.io.Native2ASCIIEncodingTest" name="permissiveRead_charArray_int_int_ShouldAcceptMissingInputAfterU" time="0.0" />
  <testcase classname="org.jedit.io.Native2ASCIIEncodingTest" name="permissiveRead_CharBuffer_ShouldAcceptMissingInputAfterU" time="0.001" />
  <testcase classname="org.jedit.io.Native2ASCIIEncodingTest" name="permissiveReadShouldAcceptMalformedInput" time="0.0" />
  <testcase classname="org.jedit.io.Native2ASCIIEncodingTest" name="permissiveRead_charArray_ShouldAcceptMalformedInput" time="0.0" />
  <testcase classname="org.jedit.io.Native2ASCIIEncodingTest" name="permissiveRead_charArray_int_int_ShouldAcceptMalformedInput" time="0.001" />
  <testcase classname="org.jedit.io.Native2ASCIIEncodingTest" name="permissiveRead_CharBuffer_ShouldAcceptMalformedInput" time="0.0" />
  <testcase classname="org.jedit.io.Native2ASCIIEncodingTest" name="readShouldCorrectlyHandleEOF" time="0.001" />
  <testcase classname="org.jedit.io.Native2ASCIIEncodingTest" name="read_charArray_ShouldCorrectlyHandleEOF" time="0.0" />
  <testcase classname="org.jedit.io.Native2ASCIIEncodingTest" name="read_charArray_int_int_ShouldCorrectlyHandleEOF" time="0.001" />
  <testcase classname="org.jedit.io.Native2ASCIIEncodingTest" name="read_CharBuffer_ShouldCorrectlyHandleEOF" time="0.001" />
  <testcase classname="org.jedit.io.Native2ASCIIEncodingTest" name="readShouldCorrectlyHandleEOFAfterBackslash" time="0.0" />
  <testcase classname="org.jedit.io.Native2ASCIIEncodingTest" name="read_charArray_ShouldCorrectlyHandleEOFAfterBackslash" time="0.0" />
  <testcase classname="org.jedit.io.Native2ASCIIEncodingTest" name="read_charArray_int_int_ShouldCorrectlyHandleEOFAfterBackslash" time="0.0" />
  <testcase classname="org.jedit.io.Native2ASCIIEncodingTest" name="read_CharBuffer_ShouldCorrectlyHandleEOFAfterBackslash" time="0.0" />
  <testcase classname="org.jedit.io.Native2ASCIIEncodingTest" name="readShouldCorrectlyHandleLessThan5NonEscapeCharactersAfterBackslash" time="0.0" />
  <testcase classname="org.jedit.io.Native2ASCIIEncodingTest" name="read_charArray_ShouldCorrectlyHandleLessThan5NonEscapeCharactersAfterBackslash" time="0.0" />
  <testcase classname="org.jedit.io.Native2ASCIIEncodingTest" name="read_charArray_int_int_ShouldCorrectlyHandleLessThan5NonEscapeCharactersAfterBackslash" time="0.001" />
  <testcase classname="org.jedit.io.Native2ASCIIEncodingTest" name="read_CharBuffer_ShouldCorrectlyHandleLessThan5NonEscapeCharactersAfterBackslash" time="0.0" />
  <testcase classname="org.jedit.io.Native2ASCIIEncodingTest" name="readShouldThrowExceptionOnMalformedInputWithThrottledReader" time="0.0" />
  <testcase classname="org.jedit.io.Native2ASCIIEncodingTest" name="read_charArray_ShouldThrowExceptionOnMalformedInputWithThrottledReader" time="0.0" />
  <testcase classname="org.jedit.io.Native2ASCIIEncodingTest" name="read_charArray_int_int_ShouldThrowExceptionOnMalformedInputWithThrottledReader" time="0.0" />
  <testcase classname="org.jedit.io.Native2ASCIIEncodingTest" name="read_CharBuffer_ShouldThrowExceptionOnMalformedInputWithThrottledReader" time="0.0" />
  <testcase classname="org.jedit.io.Native2ASCIIEncodingTest" name="readShouldConvertEscapeSequenceWithThrottledInputStream" time="0.0" />
  <testcase classname="org.jedit.io.Native2ASCIIEncodingTest" name="read_charArray_ShouldConvertEscapeSequenceWithThrottledInputStream" time="0.001" />
  <testcase classname="org.jedit.io.Native2ASCIIEncodingTest" name="read_charArray_int_int_ShouldConvertEscapeSequenceWithThrottledInputStream" time="0.0" />
  <testcase classname="org.jedit.io.Native2ASCIIEncodingTest" name="read_CharBuffer_ShouldConvertEscapeSequenceWithThrottledInputStream" time="0.0" />
  <testcase classname="org.jedit.io.Native2ASCIIEncodingTest" name="readShouldReadBackslashWithoutFollowingUAsBackslash" time="0.0" />
  <testcase classname="org.jedit.io.Native2ASCIIEncodingTest" name="read_charArray_ShouldReadBackslashWithoutFollowingUAsBackslash" time="0.0" />
  <testcase classname="org.jedit.io.Native2ASCIIEncodingTest" name="read_charArray_int_int_ShouldReadBackslashWithoutFollowingUAsBackslash" time="0.0" />
  <testcase classname="org.jedit.io.Native2ASCIIEncodingTest" name="read_CharBuffer_ShouldReadBackslashWithoutFollowingUAsBackslash" time="0.0" />
  <testcase classname="org.jedit.io.Native2ASCIIEncodingTest" name="permissiveReadShouldAcceptMalformedInputWithThrottledReader" time="0.0" />
  <testcase classname="org.jedit.io.Native2ASCIIEncodingTest" name="permissiveRead_charArray_ShouldAcceptMalformedInputWithThrottledReader" time="0.0" />
  <testcase classname="org.jedit.io.Native2ASCIIEncodingTest" name="permissiveRead_charArray_int_int_ShouldAcceptMalformedInputWithThrottledReader" time="0.0" />
  <testcase classname="org.jedit.io.Native2ASCIIEncodingTest" name="permissiveRead_CharBuffer_ShouldAcceptMalformedInputWithThrottledReader" time="0.0" />
  <testcase classname="org.jedit.io.Native2ASCIIEncodingTest" name="read_charArray_shouldReadOnAfterCollapsingEscapeSequences" time="0.0" />
  <testcase classname="org.jedit.io.Native2ASCIIEncodingTest" name="read_charArray_int_int_shouldReadOnAfterCollapsingEscapeSequences" time="0.0" />
  <testcase classname="org.jedit.io.Native2ASCIIEncodingTest" name="read_CharBuffer_shouldReadOnAfterCollapsingEscapeSequences" time="0.0" />
  <testcase classname="org.jedit.io.Native2ASCIIEncodingTest" name="readShouldIgnoreEscapeSequenceThatFollowsOneBackslash" time="0.0" />
  <testcase classname="org.jedit.io.Native2ASCIIEncodingTest" name="read_charArray_ShouldIgnoreEscapeSequenceThatFollowsOneBackslash" time="0.0" />
  <testcase classname="org.jedit.io.Native2ASCIIEncodingTest" name="read_charArray_int_int_ShouldIgnoreEscapeSequenceThatFollowsOneBackslash" time="0.0" />
  <testcase classname="org.jedit.io.Native2ASCIIEncodingTest" name="read_CharBuffer_ShouldIgnoreEscapeSequenceThatFollowsOneBackslash" time="0.0" />
  <testcase classname="org.jedit.io.Native2ASCIIEncodingTest" name="readShouldConvertEscapeSequenceThatFollowsTwoBackslashes" time="0.001" />
  <testcase classname="org.jedit.io.Native2ASCIIEncodingTest" name="read_charArray_ShouldConvertEscapeSequenceThatFollowsTwoBackslashes" time="0.0" />
  <testcase classname="org.jedit.io.Native2ASCIIEncodingTest" name="read_charArray_int_int_ShouldConvertEscapeSequenceThatFollowsTwoBackslashes" time="0.0" />
  <testcase classname="org.jedit.io.Native2ASCIIEncodingTest" name="read_CharBuffer_ShouldConvertEscapeSequenceThatFollowsTwoBackslashes" time="0.0" />
  <testcase classname="org.jedit.io.Native2ASCIIEncodingTest" name="differentReadMethodsShouldBeUsableOnTheSameStream" time="0.001" />
  <testcase classname="org.jedit.io.Native2ASCIIEncodingTest" name="readShouldIgnoreEscapeSequenceThatFollowsThreeBackslashes" time="0.0" />
  <testcase classname="org.jedit.io.Native2ASCIIEncodingTest" name="read_charArray_ShouldIgnoreEscapeSequenceThatFollowsThreeBackslashes" time="0.0" />
  <testcase classname="org.jedit.io.Native2ASCIIEncodingTest" name="read_charArray_int_int_ShouldIgnoreEscapeSequenceThatFollowsThreeBackslashes" time="0.0" />
  <testcase classname="org.jedit.io.Native2ASCIIEncodingTest" name="read_CharBuffer_ShouldIgnoreEscapeSequenceThatFollowsThreeBackslashes" time="0.0" />
  <testcase classname="org.jedit.io.Native2ASCIIEncodingTest" name="readShouldIgnoreIncompleteEscapeSequenceThatFollowsOneBackslash" time="0.0" />
  <testcase classname="org.jedit.io.Native2ASCIIEncodingTest" name="read_charArray_ShouldIgnoreIncompleteEscapeSequenceThatFollowsOneBackslash" time="0.0" />
  <testcase classname="org.jedit.io.Native2ASCIIEncodingTest" name="read_charArray_int_int_ShouldIgnoreIncompleteEscapeSequenceThatFollowsOneBackslash" time="0.0" />
  <testcase classname="org.jedit.io.Native2ASCIIEncodingTest" name="read_CharBuffer_ShouldIgnoreIncompleteEscapeSequenceThatFollowsOneBackslash" time="0.0" />
  <testcase classname="org.jedit.io.Native2ASCIIEncodingTest" name="readShouldIgnoreMalformedEscapeSequenceThatFollowsOneBackslash" time="0.001" />
  <testcase classname="org.jedit.io.Native2ASCIIEncodingTest" name="read_charArray_ShouldIgnoreMalformedEscapeSequenceThatFollowsOneBackslash" time="0.0" />
  <testcase classname="org.jedit.io.Native2ASCIIEncodingTest" name="read_charArray_int_int_ShouldIgnoreMalformedEscapeSequenceThatFollowsOneBackslash" time="0.0" />
  <testcase classname="org.jedit.io.Native2ASCIIEncodingTest" name="read_CharBuffer_ShouldIgnoreMalformedEscapeSequenceThatFollowsOneBackslash" time="0.001" />
  <testcase classname="org.jedit.io.Native2ASCIIEncodingTest" name="differentReadMethodsShouldHaveACommonEscapeSequenceHandling" time="0.0" />
  <testcase classname="org.jedit.io.Native2ASCIIEncodingTest" name="skipShouldThrowExceptionIfToSkipIsNegative" time="0.0" />
  <testcase classname="org.jedit.io.Native2ASCIIEncodingTest" name="skipShouldNotDoAnythingIfToSkipIsZero" time="0.0" />
  <testcase classname="org.jedit.io.Native2ASCIIEncodingTest" name="skipShouldSkipGivenAmountIfAvailable" time="0.0" />
  <testcase classname="org.jedit.io.Native2ASCIIEncodingTest" name="skipShouldSkipAllIfToSkipIsGreaterThanInputLength" time="0.0" />
  <testcase classname="org.jedit.io.Native2ASCIIEncodingTest" name="multipleSkipCallsShouldWork" time="0.0" />
  <testcase classname="org.jedit.io.Native2ASCIIEncodingTest" name="textReaderWithNullAsClassParameterShouldWork" time="0.0" />
  <testcase classname="org.jedit.io.Native2ASCIIEncodingTest" name="readerShouldBeAbleToDecodeWhatWriterHasEncoded" time="0.001" />
  <testcase classname="org.jedit.io.Native2ASCIIEncodingTest" name="readerShouldReadSingleCharactersIfWriterAddedAnEscapingBackslash" time="0.001" />
  <testcase classname="org.jedit.io.Native2ASCIIEncodingTest" name="readerShouldDecodeIfWriterHasWrittenEscapeSequenceAsSingleCharacters" time="0.0" />
  <testcase classname="org.jedit.io.Native2ASCIIEncodingTest" name="write_int_ShouldEncodeASCIICharactersCorrectly" time="0.001" />
  <testcase classname="org.jedit.io.Native2ASCIIEncodingTest" name="write_charArray_int_int_ShouldEncodeASCIICharactersCorrectly" time="0.0" />
  <testcase classname="org.jedit.io.Native2ASCIIEncodingTest" name="write_String_int_int_ShouldEncodeASCIICharactersCorrectly" time="0.001" />
  <testcase classname="org.jedit.io.Native2ASCIIEncodingTest" name="write_charArray_ShouldEncodeASCIICharactersCorrectly" time="0.0" />
  <testcase classname="org.jedit.io.Native2ASCIIEncodingTest" name="write_String_ShouldEncodeASCIICharactersCorrectly" time="0.0" />
  <testcase classname="org.jedit.io.Native2ASCIIEncodingTest" name="append_char_ShouldEncodeASCIICharactersCorrectly" time="0.001" />
  <testcase classname="org.jedit.io.Native2ASCIIEncodingTest" name="append_CharSequence_int_int_ShouldEncodeASCIICharactersCorrectly" time="0.0" />
  <testcase classname="org.jedit.io.Native2ASCIIEncodingTest" name="append_CharSequence_ShouldEncodeASCIICharactersCorrectly" time="0.0" />
  <testcase classname="org.jedit.io.Native2ASCIIEncodingTest" name="write_int_ShouldEncodeNonASCIICharactersCorrectly" time="0.0" />
  <testcase classname="org.jedit.io.Native2ASCIIEncodingTest" name="write_charArray_int_int_ShouldEncodeNonASCIICharactersCorrectly" time="0.0" />
  <testcase classname="org.jedit.io.Native2ASCIIEncodingTest" name="write_String_int_int_ShouldEncodeNonASCIICharactersCorrectly" time="0.0" />
  <testcase classname="org.jedit.io.Native2ASCIIEncodingTest" name="write_charArray_ShouldEncodeNonASCIICharactersCorrectly" time="0.0" />
  <testcase classname="org.jedit.io.Native2ASCIIEncodingTest" name="write_String_ShouldEncodeNonASCIICharactersCorrectly" time="0.0" />
  <testcase classname="org.jedit.io.Native2ASCIIEncodingTest" name="append_char_ShouldEncodeNonASCIICharactersCorrectly" time="0.0" />
  <testcase classname="org.jedit.io.Native2ASCIIEncodingTest" name="append_CharSequence_int_int_ShouldEncodeNonASCIICharactersCorrectly" time="0.0" />
  <testcase classname="org.jedit.io.Native2ASCIIEncodingTest" name="append_CharSequence_ShouldEncodeNonASCIICharactersCorrectly" time="0.0" />
  <testcase classname="org.jedit.io.Native2ASCIIEncodingTest" name="append_CharSequence_int_int_ShouldEncodeNullCorrectly" time="0.0" />
  <testcase classname="org.jedit.io.Native2ASCIIEncodingTest" name="append_CharSequence_ShouldEncodeNullCorrectly" time="0.0" />
  <system-out><![CDATA[]]></system-out>
  <system-err><![CDATA[]]></system-err>
</testsuite>
